|||||||||||||||||||||||||||||||
...............................
...............................
...............................
...............................
...............................
...............................
...............................
...............................
...............................
...............................
...............................
...............................
...............................
...............................
.....OOO...............OOO.....
....O...O.............O...O....
...OO....O...........O....OO...
..O.O.OO.OO...OOO...OO.OO.O.O..
.OO.O....O.OO.OOO.OO.O....O.OO.
O....O...O....O.O....O...O....O
............O.....O............
OO.......OO.........OO.......OO
|||||||||||||||||||||||||||||||
|||||||||||||||||||||||||||||||
...............................
...............................
...............................
...............................
...............................
...............................
...............................
...............................
...............................
...............................
...............................
...............................
...............................
......O.................O......
.....OOO...............OOO.....
...OO.OOO.............OOO.OO...
....O..O.OO....O....OO.O..O....
.OO.O....O.O.OO.OO.O.O....O.OO.
.OO.O.O..O.O.......O.O..O.O.OO.
.O........OOO.O.O.OOO........O.
OO.......OO.........OO.......OO
...............................
|||||||||||||||||||||||||||||||
|||||||||||||||||||||||||||||||
...............................
...............................
...............................
...............................
...............................
...............................
...............................
...............................
...............................
...............................
...............................
...............................
...............................
.....OOO...............OOO.....
....O...O.............O...O....
...OO....O...........O....OO...
..O.O.OO.OO...OOO...OO.OO.O.O..
.OO.O....O.OO.OOO.OO.O....O.OO.
O....O...O....O.O....O...O....O
............O.....O............
OO.......OO.........OO.......OO
...............................
|||||||||||||||||||||||||||||||
|||||||||||||||||||||||||||||||
...............................
...............................
...............................
...............................
...............................
...............................
...............................
...............................
...............................
...............................
...............................
...............................
......O.................O......
.....OOO...............OOO.....
...OO.OOO.............OOO.OO...
....O..O.OO....O....OO.O..O....
.OO.O....O.O.OO.OO.O.O....O.OO.
.OO.O.O..O.O.......O.O..O.O.OO.
.O........OOO.O.O.OOO........O.
OO.......OO.........OO.......OO
...............................
...............................
|||||||||||||||||||||||||||||||
|||||||||||||||||||||||||||||||
...............................
...............................
...............................
...............................
...............................
...............................
...............................
...............................
...............................
...............................
...............................
...............................
.....OOO...............OOO.....
....O...O.............O...O....
...OO....O...........O....OO...
..O.O.OO.OO...OOO...OO.OO.O.O..
.OO.O....O.OO.OOO.OO.O....O.OO.
O....O...O....O.O....O...O....O
............O.....O............
OO.......OO.........OO.......OO
...............................
...............................
|||||||||||||||||||||||||||||||
|||||||||||||||||||||||||||||||
...............................
...............................
...............................
...............................
...............................
...............................
...............................
...............................
...............................
...............................
...............................
......O.................O......
.....OOO...............OOO.....
...OO.OOO.............OOO.OO...
....O..O.OO....O....OO.O..O....
.OO.O....O.O.OO.OO.O.O....O.OO.
.OO.O.O..O.O.......O.O..O.O.OO.
.O........OOO.O.O.OOO........O.
OO.......OO.........OO.......OO
...............................
...............................
...............................
|||||||||||||||||||||||||||||||
|||||||||||||||||||||||||||||||
...............................
...............................
...............................
...............................
...............................
...............................
...............................
...............................
...............................
...............................
...............................
.....OOO...............OOO.....
....O...O.............O...O....
...OO....O...........O....OO...
..O.O.OO.OO...OOO...OO.OO.O.O..
.OO.O....O.OO.OOO.OO.O....O.OO.
O....O...O....O.O....O...O....O
............O.....O............
OO.......OO.........OO.......OO
...............................
...............................
...............................
|||||||||||||||||||||||||||||||
|||||||||||||||||||||||||||||||
...............................
...............................
...............................
...............................
...............................
...............................
...............................
...............................
...............................
...............................
......O.................O......
.....OOO...............OOO.....
...OO.OOO.............OOO.OO...
....O..O.OO....O....OO.O..O....
.OO.O....O.O.OO.OO.O.O....O.OO.
.OO.O.O..O.O.......O.O..O.O.OO.
.O........OOO.O.O.OOO........O.
OO.......OO.........OO.......OO
...............................
...............................
...............................
...............................
|||||||||||||||||||||||||||||||
|||||||||||||||||||||||||||||||
...............................
...............................
...............................
...............................
...............................
...............................
...............................
...............................
...............................
...............................
.....OOO...............OOO.....
....O...O.............O...O....
...OO....O...........O....OO...
..O.O.OO.OO...OOO...OO.OO.O.O..
.OO.O....O.OO.OOO.OO.O....O.OO.
O....O...O....O.O....O...O....O
............O.....O............
OO.......OO.........OO.......OO
...............................
...............................
...............................
...............................
|||||||||||||||||||||||||||||||
|||||||||||||||||||||||||||||||
...............................
...............................
...............................
...............................
...............................
...............................
...............................
...............................
...............................
......O.................O......
.....OOO...............OOO.....
...OO.OOO.............OOO.OO...
....O..O.OO....O....OO.O..O....
.OO.O....O.O.OO.OO.O.O....O.OO.
.OO.O.O..O.O.......O.O..O.O.OO.
.O........OOO.O.O.OOO........O.
OO.......OO.........OO.......OO
...............................
...............................
...............................
...............................
...............................
|||||||||||||||||||||||||||||||
|||||||||||||||||||||||||||||||
...............................
...............................
...............................
...............................
...............................
...............................
...............................
...............................
...............................
.....OOO...............OOO.....
....O...O.............O...O....
...OO....O...........O....OO...
..O.O.OO.OO...OOO...OO.OO.O.O..
.OO.O....O.OO.OOO.OO.O....O.OO.
O....O...O....O.O....O...O....O
............O.....O............
OO.......OO.........OO.......OO
...............................
...............................
...............................
...............................
...............................
|||||||||||||||||||||||||||||||
|||||||||||||||||||||||||||||||
...............................
...............................
...............................
...............................
...............................
...............................
...............................
...............................
......O.................O......
.....OOO...............OOO.....
...OO.OOO.............OOO.OO...
....O..O.OO....O....OO.O..O....
.OO.O....O.O.OO.OO.O.O....O.OO.
.OO.O.O..O.O.......O.O..O.O.OO.
.O........OOO.O.O.OOO........O.
OO.......OO.........OO.......OO
...............................
...............................
...............................
...............................
...............................
...............................
|||||||||||||||||||||||||||||||
|||||||||||||||||||||||||||||||
...............................
...............................
...............................
...............................
...............................
...............................
...............................
...............................
.....OOO...............OOO.....
....O...O.............O...O....
...OO....O...........O....OO...
..O.O.OO.OO...OOO...OO.OO.O.O..
.OO.O....O.OO.OOO.OO.O....O.OO.
O....O...O....O.O....O...O....O
............O.....O............
OO.......OO.........OO.......OO
...............................
...............................
...............................
...............................
...............................
...............................
|||||||||||||||||||||||||||||||
|||||||||||||||||||||||||||||||
...............................
...............................
...............................
...............................
...............................
...............................
...............................
......O.................O......
.....OOO...............OOO.....
...OO.OOO.............OOO.OO...
....O..O.OO....O....OO.O..O....
.OO.O....O.O.OO.OO.O.O....O.OO.
.OO.O.O..O.O.......O.O..O.O.OO.
.O........OOO.O.O.OOO........O.
OO.......OO.........OO.......OO
...............................
...............................
...............................
...............................
...............................
...............................
...............................
|||||||||||||||||||||||||||||||
|||||||||||||||||||||||||||||||
...............................
...............................
...............................
...............................
...............................
...............................
...............................
.....OOO...............OOO.....
....O...O.............O...O....
...OO....O...........O....OO...
..O.O.OO.OO...OOO...OO.OO.O.O..
.OO.O....O.OO.OOO.OO.O....O.OO.
O....O...O....O.O....O...O....O
............O.....O............
OO.......OO.........OO.......OO
...............................
...............................
...............................
...............................
...............................
...............................
...............................
|||||||||||||||||||||||||||||||
|||||||||||||||||||||||||||||||
...............................
...............................
...............................
...............................
...............................
...............................
......O.................O......
.....OOO...............OOO.....
...OO.OOO.............OOO.OO...
....O..O.OO....O....OO.O..O....
.OO.O....O.O.OO.OO.O.O....O.OO.
.OO.O.O..O.O.......O.O..O.O.OO.
.O........OOO.O.O.OOO........O.
OO.......OO.........OO.......OO
...............................
...............................
...............................
...............................
...............................
...............................
...............................
...............................
|||||||||||||||||||||||||||||||
|||||||||||||||||||||||||||||||
...............................
...............................
...............................
...............................
...............................
...............................
.....OOO...............OOO.....
....O...O.............O...O....
...OO....O...........O....OO...
..O.O.OO.OO...OOO...OO.OO.O.O..
.OO.O....O.OO.OOO.OO.O....O.OO.
O....O...O....O.O....O...O....O
............O.....O............
OO.......OO.........OO.......OO
...............................
...............................
...............................
...............................
...............................
...............................
...............................
...............................
|||||||||||||||||||||||||||||||
|||||||||||||||||||||||||||||||
...............................
...............................
...............................
...............................
...............................
......O.................O......
.....OOO...............OOO.....
...OO.OOO.............OOO.OO...
....O..O.OO....O....OO.O..O....
.OO.O....O.O.OO.OO.O.O....O.OO.
.OO.O.O..O.O.......O.O..O.O.OO.
.O........OOO.O.O.OOO........O.
OO.......OO.........OO.......OO
...............................
...............................
...............................
...............................
...............................
...............................
...............................
...............................
...............................
|||||||||||||||||||||||||||||||
|||||||||||||||||||||||||||||||
...............................
...............................
...............................
...............................
...............................
.....OOO...............OOO.....
....O...O.............O...O....
...OO....O...........O....OO...
..O.O.OO.OO...OOO...OO.OO.O.O..
.OO.O....O.OO.OOO.OO.O....O.OO.
O....O...O....O.O....O...O....O
............O.....O............
OO.......OO.........OO.......OO
...............................
...............................
...............................
...............................
...............................
...............................
...............................
...............................
...............................
|||||||||||||||||||||||||||||||
|||||||||||||||||||||||||||||||
...............................
...............................
...............................
...............................
......O.................O......
.....OOO...............OOO.....
...OO.OOO.............OOO.OO...
....O..O.OO....O....OO.O..O....
.OO.O....O.O.OO.OO.O.O....O.OO.
.OO.O.O..O.O.......O.O..O.O.OO.
.O........OOO.O.O.OOO........O.
OO.......OO.........OO.......OO
...............................
...............................
...............................
...............................
...............................
...............................
...............................
...............................
...............................
...............................
|||||||||||||||||||||||||||||||
