#
# A fatal error has been detected by the Java Runtime Environment:
#
#  Internal Error (jvmciRuntime.cpp:1609), pid=42, tid=62
#  fatal error: Fatal exception in JVMCI: Error calling jdk.vm.ci.services.Services.serializeSavedProperties
#
# JRE version: OpenJDK Runtime Environment GraalVM CE 22.3.0 (17.0.5+8) (build 17.0.5+8-jvmci-22.3-b08)
# Java VM: OpenJDK 64-Bit Server VM GraalVM CE 22.3.0 (17.0.5+8-jvmci-22.3-b08, mixed mode, sharing, tiered, jvmci, jvmci compiler, compressed oops, compressed class ptrs, parallel gc, linux-amd64)
# Problematic frame:
# V  [libjvm.so+0x972714]  JVMCIRuntime::fatal_exception(JVMCIEnv*, char const*)+0x74
#
# Core dump will be written. Default location: Core dumps may be processed with "/usr/share/apport/apport -p%p -s%s -c%c -d%d -P%P -u%u -g%g -- %E" (or dumping to /home/runner/CSAAllUnits/core.42)
#
# If you would like to submit a bug report, please visit:
#   https://github.com/oracle/graal/issues
#

---------------  S U M M A R Y ------------

Command Line: -XX:ThreadPriorityPolicy=1 -XX:+UnlockExperimentalVMOptions -XX:+EnableJVMCIProduct -XX:JVMCIThreadsPerNativeLibraryRuntime=1 -XX:-UnlockExperimentalVMOptions -Declipse.application=org.eclipse.jdt.ls.core.id1 -Dosgi.bundles.defaultStartLevel=4 -Declipse.product=org.eclipse.jdt.ls.core.product -Dlog.level=ALL -Xverify:none -XX:+UseParallelGC -XX:GCTimeRatio=4 -XX:AdaptiveSizePolicyWeight=90 -Dsun.zip.disableMemoryMapping=true -Xmx512m -Xms100m /nix/store/m6gcpi1ii6rghy04cjwjddcavv7i90df-jdt-language-server-1.9.0/share/java/plugins/org.eclipse.equinox.launcher_1.6.400.v20210924-0641.jar --add-modules=ALL-SYSTEM --add-opens java.base/java.util=ALL-UNNAMED --add-opens java.base/java.lang=ALL-UNNAMED -configuration /home/runner/.cache/jdt-language-server/config -data /home/runner/.cache/jdt-language-server/data/home/runner/CSAAllUnits

Host: Intel(R) Xeon(R) CPU @ 2.20GHz, 8 cores, 1G, Ubuntu 20.04.2 LTS
Time: Tue Aug  8 13:33:46 2023 UTC elapsed time: 461.389599 seconds (0d 0h 7m 41s)

---------------  T H R E A D  ---------------

Current thread (0x00007f25380b2140):  JavaThread "JVMCI-native CompilerThread0" daemon [_thread_in_vm, id=62, stack(0x00007f253ca1a000,0x00007f253cc1a000)]


Current CompileTask:
JVMCI-native: 461392 11303       4       org.eclipse.osgi.internal.loader.BundleLoader::findClass (7 bytes)

Stack: [0x00007f253ca1a000,0x00007f253cc1a000],  sp=0x00007f253cc18380,  free space=2040k
Native frames: (J=compiled Java code, j=interpreted, Vv=VM code, C=native code)
V  [libjvm.so+0x972714]  JVMCIRuntime::fatal_exception(JVMCIEnv*, char const*)+0x74
V  [libjvm.so+0x93e2fe]  JVMCIEnv::copy_saved_properties()+0x14e
V  [libjvm.so+0x9732a9]  JVMCIRuntime::initialize(JVMCIEnv*)+0xb19
V  [libjvm.so+0x9738a2]  JVMCIRuntime::get_HotSpotJVMCIRuntime(JVMCIEnv*)+0x12
V  [libjvm.so+0x9749f2]  JVMCIRuntime::compile_method(JVMCIEnv*, JVMCICompiler*, methodHandle const&, int)+0xd2
V  [libjvm.so+0x5b0d20]  CompileBroker::invoke_compiler_on_method(CompileTask*)+0x1470
V  [libjvm.so+0x5b12e8]  CompileBroker::compiler_thread_loop()+0x528
V  [libjvm.so+0xd82460]  JavaThread::thread_main_inner()+0xd0
V  [libjvm.so+0xd85a40]  Thread::call_run()+0xc0
V  [libjvm.so+0xbdb1e1]  thread_native_entry(Thread*)+0xe1

Register to memory mapping:

RAX=0x00007f253fb3a000 points into unknown readable memory: 0x0000000000000058 | 58 00 00 00 00 00 00 00
RBX=0x00007f2540c35398: <offset 0x0000000000ef5398> in /nix/store/gpxl5qgg8kicmcvivwmybwjlpf7wh20l-graalvm17-ce-22.3.0/lib/server/libjvm.so at 0x00007f253fd40000
RCX=0x00007f2540bed1e8: <offset 0x0000000000ead1e8> in /nix/store/gpxl5qgg8kicmcvivwmybwjlpf7wh20l-graalvm17-ce-22.3.0/lib/server/libjvm.so at 0x00007f253fd40000
RDX=0x0000000000000649 is an unknown value
RSP=0x00007f253cc18380 is pointing into the stack for thread: 0x00007f25380b2140
RBP=0x00007f253cc183a0 is pointing into the stack for thread: 0x00007f25380b2140
RSI=0x00007f2540c35c48: <offset 0x0000000000ef5c48> in /nix/store/gpxl5qgg8kicmcvivwmybwjlpf7wh20l-graalvm17-ce-22.3.0/lib/server/libjvm.so at 0x00007f253fd40000
RDI=0x00000000e0000000 is an oop: [B 
{0x00000000e0000000} - klass: {type array byte}
 - length: 10
R8 =0x00007f2540c35398: <offset 0x0000000000ef5398> in /nix/store/gpxl5qgg8kicmcvivwmybwjlpf7wh20l-graalvm17-ce-22.3.0/lib/server/libjvm.so at 0x00007f253fd40000
R9 =0x00007f253cc18330 is pointing into the stack for thread: 0x00007f25380b2140
R10=0x00007f253cc19948 is pointing into the stack for thread: 0x00007f25380b2140
R11=0x0000000000000293 is an unknown value
R12=0x0 is NULL
R13=0x00007f25380b2140 is a thread
R14=0x00007f2538000b80 points into unknown readable memory: 0x00007f2540e66a38 | 38 6a e6 40 25 7f 00 00
R15=0x00007f2540f74e40: <offset 0x0000000001234e40> in /nix/store/gpxl5qgg8kicmcvivwmybwjlpf7wh20l-graalvm17-ce-22.3.0/lib/server/libjvm.so at 0x00007f253fd40000


Registers:
RAX=0x00007f253fb3a000, RBX=0x00007f2540c35398, RCX=0x00007f2540bed1e8, RDX=0x0000000000000649
RSP=0x00007f253cc18380, RBP=0x00007f253cc183a0, RSI=0x00007f2540c35c48, RDI=0x00000000e0000000
R8 =0x00007f2540c35398, R9 =0x00007f253cc18330, R10=0x00007f253cc19948, R11=0x0000000000000293
R12=0x0000000000000000, R13=0x00007f25380b2140, R14=0x00007f2538000b80, R15=0x00007f2540f74e40
RIP=0x00007f25406b2714, EFLAGS=0x0000000000010206, CSGSFS=0x002b000000000033, ERR=0x0000000000000006
  TRAPNO=0x000000000000000e

Top of Stack: (sp=0x00007f253cc18380)
0x00007f253cc18380:   00007f253cc18940 00007f25380b2140
0x00007f253cc18390:   00007f253e4cb8c8 0000000800c405e8
0x00007f253cc183a0:   00007f253cc18500 00007f254067e2fe
0x00007f253cc183b0:   00007f253cc183e0 00007f253cc18440 

Instructions: (pc=0x00007f25406b2714)
0x00007f25406b2614:   30 e8 f6 cf e8 ff 4c 89 e7 e8 2e 48 d1 ff 84 db
0x00007f25406b2624:   75 2a 4d 85 ed 74 04 4d 8b 6d 00 48 83 c4 08 44
0x00007f25406b2634:   89 f9 4c 89 f2 4c 89 ee 5b 4c 89 e7 41 5c 41 5d
0x00007f25406b2644:   41 5e 41 5f 5d e9 e2 47 d1 ff 66 90 48 83 c4 08
0x00007f25406b2654:   5b 41 5c 41 5d 41 5e 41 5f 5d c3 90 31 d2 be 08
0x00007f25406b2664:   00 00 00 4c 89 ff e8 b1 78 a3 ff 49 89 c5 e9 37
0x00007f25406b2674:   ff ff ff 66 0f 1f 84 00 00 00 00 00 48 8b 7a 08
0x00007f25406b2684:   e9 6d ff ff ff 0f 1f 80 00 00 00 00 e8 5b 48 0a
0x00007f25406b2694:   00 84 c0 75 89 e9 6a ff ff ff 66 90 55 48 89 e5
0x00007f25406b26a4:   41 56 41 55 41 54 49 89 fc 53 48 89 f3 66 48 8d
0x00007f25406b26b4:   3d 27 5e 85 00 66 66 48 e8 df 43 8d ff 4c 8b 28
0x00007f25406b26c4:   8b 05 be 72 8a 00 85 c0 75 14 ba 01 00 00 00 48
0x00007f25406b26d4:   8d 0d ae 72 8a 00 f0 0f b1 11 85 c0 74 4e be c8
0x00007f25406b26e4:   00 00 00 4c 89 ef e8 01 0b 41 00 48 8d 05 12 ac
0x00007f25406b26f4:   85 00 49 89 d8 48 8d 0d e8 aa 53 00 ba 49 06 00
0x00007f25406b2704:   00 48 8d 35 3c 35 58 00 bf 00 00 00 e0 48 8b 00
0x00007f25406b2714:   c6 00 58 31 c0 e8 e2 91 c6 ff 5b 41 5c 41 5d 41
0x00007f25406b2724:   5e 5d e9 55 34 26 00 0f 1f 44 00 00 48 8d 05 81
0x00007f25406b2734:   a3 8b 00 48 89 df 4c 8b 30 e8 9e 43 8d ff 48 89
0x00007f25406b2744:   de 48 89 c2 49 8b 06 4c 89 f7 ff 50 08 4c 89 f7
0x00007f25406b2754:   e8 a7 5c 27 00 4d 85 e4 74 12 be 01 00 00 00 4c
0x00007f25406b2764:   89 e7 e8 35 43 fc ff eb 82 0f 1f 00 be 01 00 00
0x00007f25406b2774:   00 4c 89 ef e8 d3 fd ff ff e9 6d ff ff ff 66 66
0x00007f25406b2784:   2e 0f 1f 84 00 00 00 00 00 0f 1f 00 55 48 89 e5
0x00007f25406b2794:   41 57 41 56 41 55 41 54 53 48 81 ec 08 02 00 00
0x00007f25406b27a4:   64 48 8b 04 25 28 00 00 00 48 89 45 c8 8b 07 83
0x00007f25406b27b4:   f8 02 0f 84 11 04 00 00 4c 8b 6f 18 49 89 ff 49
0x00007f25406b27c4:   89 f4 4d 85 ed 74 14 4c 89 ef e8 5d 57 22 00 41
0x00007f25406b27d4:   8b 07 83 f8 02 0f 84 19 04 00 00 48 8d 1d 9a 06
0x00007f25406b27e4:   8a 00 4c 8d 35 0b 3c 58 00 eb 38 90 48 85 d2 7f
0x00007f25406b27f4:   0d 48 8d 05 b4 c0 85 00 48 83 38 00 7e 0e 41 8b
0x00007f25406b2804:   77 2c 4c 89 f7 31 c0 e8 a0 b2 f7 ff 49 8b 7f 18 


Stack slot to memory mapping:
stack at sp + 0 slots: 0x00007f253cc18940 is pointing into the stack for thread: 0x00007f25380b2140
stack at sp + 1 slots: 0x00007f25380b2140 is a thread
stack at sp + 2 slots: 0x00007f253e4cb8c8 points into unknown readable memory: 0x65730018e552ffff | ff ff 52 e5 18 00 73 65
stack at sp + 3 slots: 0x0000000800c405e8 is a pointer to class: 
jdk.vm.ci.services.Services {0x0000000800c405e8}
 - instance size:     2
 - klass size:        65
 - access:            public final synchronized 
 - state:             fully_initialized
 - name:              'jdk/vm/ci/services/Services'
 - super:             'java/lang/Object'
 - sub:               
 - arrays:            NULL
 - methods:           Array<T>(0x00007f253d43a2e8)
 - method ordering:   Array<T>(0x0000000800928960)
 - default_methods:   Array<T>(0x0000000000000000)
 - local interfaces:  Array<T>(0x00000008005ce810)
 - trans. interfaces: Array<T>(0x00000008005ce810)
 - constants:         constant pool [427] {0x00007f253d4393c8} for 'jdk/vm/ci/services/Services' cache=0x00007f253d43b5b8
 - class loader data:  loader data: 0x00007f25380283f0 of 'bootstrap'
 - source file:       'Services.java'
 - class annotations:       Array<T>(0x0000000000000000)
 - class type annotations:  Array<T>(0x0000000000000000)
 - field annotations:       Array<T>(0x0000000000000000)
 - field type annotations:  Array<T>(0x0000000000000000)
 - inner classes:     Array<T>(0x00007f253d43b588)
 - nest members:     Array<T>(0x00007f253d43b5a8)
 - permitted subclasses:     Array<T>(0x00000008005ce7a0)
 - java mirror:       a 'java/lang/Class'{0x00000000e017fae8} = 'jdk/vm/ci/services/Services'
 - vtable length      5  (start addr: 0x0000000800c407b8)
 - itable length      2 (start addr: 0x0000000800c407e0)
 - ---- static fields (3 words):
 - public static final 'IS_BUILDING_NATIVE_IMAGE' 'Z' @128 
 - public static final 'IS_IN_NATIVE_IMAGE' 'Z' @129 
 - private static volatile 'savedProperties' 'Ljava/util/Map;' @112 
 - static final 'JVMCI_ENABLED' 'Z' @130 
 - private static final 'servicesCache' 'Ljava/util/Map;' @116 
 - private static final 'MAX_UNICODE_IN_UTF8_LENGTH' 'I' @120 
 - private static final 'MAX_UTF8_PROPERTY_STRING_LENGTH' 'I' @124 
 - ---- non-static fields (0 words):
 - non-static oop maps: 
stack at sp + 4 slots: 0x00007f253cc18500 is pointing into the stack for thread: 0x00007f25380b2140
stack at sp + 5 slots: 0x00007f254067e2fe: <offset 0x000000000093e2fe> in /nix/store/gpxl5qgg8kicmcvivwmybwjlpf7wh20l-graalvm17-ce-22.3.0/lib/server/libjvm.so at 0x00007f253fd40000
stack at sp + 6 slots: 0x00007f253cc183e0 is pointing into the stack for thread: 0x00007f25380b2140
stack at sp + 7 slots: 0x00007f253cc18440 is pointing into the stack for thread: 0x00007f25380b2140


---------------  P R O C E S S  ---------------

Threads class SMR info:
_java_thread_list=0x00007f24a8005080, length=26, elements={
0x00007f2538026690, 0x00007f25380a6400, 0x00007f25380a7840, 0x00007f25380adfb0,
0x00007f25380af360, 0x00007f25380b0750, 0x00007f25380b2140, 0x00007f25380b3650,
0x00007f25380b46b0, 0x00007f25380d7520, 0x00007f253811f520, 0x00007f2538323170,
0x00007f25381de200, 0x00007f25383408e0, 0x00007f253839d260, 0x00007f24d001a480,
0x00007f24d02b14a0, 0x00007f24d0490f80, 0x00007f24d06ef6f0, 0x00007f24c0007280,
0x00007f25385f8dd0, 0x00007f2538373280, 0x00007f249c4664a0, 0x00007f249c466cd0,
0x00007f24a0003c20, 0x00007f24c02cc550
}

Java Threads: ( => current thread )
  0x00007f2538026690 JavaThread "main" [_thread_blocked, id=53, stack(0x00007f253fb5b000,0x00007f253fc5b000)]
  0x00007f25380a6400 JavaThread "Reference Handler" daemon [_thread_blocked, id=57, stack(0x00007f253d300000,0x00007f253d400000)]
  0x00007f25380a7840 JavaThread "Finalizer" daemon [_thread_blocked, id=58, stack(0x00007f253d200000,0x00007f253d300000)]
  0x00007f25380adfb0 JavaThread "Signal Dispatcher" daemon [_thread_blocked, id=59, stack(0x00007f253ce1a000,0x00007f253cf1a000)]
  0x00007f25380af360 JavaThread "Service Thread" daemon [_thread_blocked, id=60, stack(0x00007f253cd1a000,0x00007f253ce1a000)]
  0x00007f25380b0750 JavaThread "Monitor Deflation Thread" daemon [_thread_blocked, id=61, stack(0x00007f253cc1a000,0x00007f253cd1a000)]
=>0x00007f25380b2140 JavaThread "JVMCI-native CompilerThread0" daemon [_thread_in_vm, id=62, stack(0x00007f253ca1a000,0x00007f253cc1a000)]
  0x00007f25380b3650 JavaThread "C1 CompilerThread0" daemon [_thread_blocked, id=63, stack(0x00007f253c81a000,0x00007f253ca1a000)]
  0x00007f25380b46b0 JavaThread "Sweeper thread" daemon [_thread_blocked, id=64, stack(0x00007f253c71a000,0x00007f253c81a000)]
  0x00007f25380d7520 JavaThread "Common-Cleaner" daemon [_thread_blocked, id=66, stack(0x00007f253c61a000,0x00007f253c71a000)]
  0x00007f253811f520 JavaThread "Notification Thread" daemon [_thread_blocked, id=67, stack(0x00007f253c51a000,0x00007f253c61a000)]
  0x00007f2538323170 JavaThread "Active Thread: Equinox Container: 2405a216-0a86-4840-b331-63ec533203be" [_thread_blocked, id=123, stack(0x00007f253c200000,0x00007f253c300000)]
  0x00007f25381de200 JavaThread "Framework Event Dispatcher: Equinox Container: 2405a216-0a86-4840-b331-63ec533203be" daemon [_thread_blocked, id=124, stack(0x00007f253c000000,0x00007f253c100000)]
  0x00007f25383408e0 JavaThread "Start Level: Equinox Container: 2405a216-0a86-4840-b331-63ec533203be" daemon [_thread_blocked, id=125, stack(0x00007f251f3b3000,0x00007f251f4b3000)]
  0x00007f253839d260 JavaThread "Refresh Thread: Equinox Container: 2405a216-0a86-4840-b331-63ec533203be" daemon [_thread_blocked, id=146, stack(0x00007f251cf00000,0x00007f251d000000)]
  0x00007f24d001a480 JavaThread "SCR Component Actor" daemon [_thread_blocked, id=151, stack(0x00007f251cd00000,0x00007f251ce00000)]
  0x00007f24d02b14a0 JavaThread "Worker-JM" [_thread_blocked, id=169, stack(0x00007f251c900000,0x00007f251ca00000)]
  0x00007f24d0490f80 JavaThread "Java indexing" daemon [_thread_blocked, id=192, stack(0x00007f251c300000,0x00007f251c400000)]
  0x00007f24d06ef6f0 JavaThread "Bundle File Closer" daemon [_thread_blocked, id=193, stack(0x00007f251c100000,0x00007f251c200000)]
  0x00007f24c0007280 JavaThread "Worker-2" [_thread_blocked, id=218, stack(0x00007f24e6d00000,0x00007f24e6e00000)]
  0x00007f25385f8dd0 JavaThread "pool-3-thread-1" [_thread_blocked, id=221, stack(0x00007f251cb00000,0x00007f251cc00000)]
  0x00007f2538373280 JavaThread "pool-2-thread-1" [_thread_in_native, id=222, stack(0x00007f24e6b00000,0x00007f24e6c00000)]
  0x00007f249c4664a0 JavaThread "OkHttp repo.maven.apache.org" [_thread_blocked, id=435, stack(0x00007f24e6500000,0x00007f24e6600000)]
  0x00007f249c466cd0 JavaThread "OkHttp ConnectionPool" daemon [_thread_blocked, id=436, stack(0x00007f253c100000,0x00007f253c200000)]
  0x00007f24a0003c20 JavaThread "OkHttp repo.maven.apache.org Writer" [_thread_blocked, id=437, stack(0x00007f251ca00000,0x00007f251cb00000)]
  0x00007f24c02cc550 JavaThread "Worker-5: Compacting resource model" [_thread_blocked, id=472, stack(0x00007f24e6c00000,0x00007f24e6d00000)]

Other Threads:
  0x00007f25380a1b40 VMThread "VM Thread" [stack: 0x00007f253dc74000,0x00007f253dd74000] [id=56] _threads_hazard_ptr=0x00007f24a8005080
  0x00007f2538120ec0 WatcherThread [stack: 0x00007f253c41a000,0x00007f253c51a000] [id=68]
  0x00007f253803df20 GCTaskThread "GC Thread#0" [stack: 0x00007f253f71e000,0x00007f253f81e000] [id=55]

Threads with active compile tasks:
JVMCI-native CompilerThread0   461509 11303       4       org.eclipse.osgi.internal.loader.BundleLoader::findClass (7 bytes)

VM state: synchronizing (normal execution)

VM Mutex/Monitor currently owned by a thread:  ([mutex/lock_event])
[0x00007f2538023840] Threads_lock - owner thread: 0x00007f25380a1b40
[0x00007f2538023ff0] Heap_lock - owner thread: 0x00007f24d0490f80

OutOfMemory and StackOverflow Exception counts:
OutOfMemoryError java_heap_errors=6
LinkageErrors=77

Heap address: 0x00000000e0000000, size: 512 MB, Compressed Oops mode: 32-bit

CDS archive(s) mapped at: [0x0000000800000000-0x0000000800bc8000-0x0000000800bc8000), size 12353536, SharedBaseAddress: 0x0000000800000000, ArchiveRelocationMode: 0.
Compressed class space mapped at: 0x0000000800c00000-0x0000000840c00000, reserved size: 1073741824
Narrow klass base: 0x0000000800000000, Narrow klass shift: 0, Narrow klass range: 0x100000000

GC Precious Log:
 CPUs: 8 total, 1 available
 Memory: 1024M
 Large Page Support: Disabled
 NUMA Support: Disabled
 Compressed Oops: Enabled (32-bit)
 Alignments: Space 512K, Generation 512K, Heap 2M
 Heap Min Capacity: 100M
 Heap Initial Capacity: 100M
 Heap Max Capacity: 512M
 Pre-touch: Disabled
 Parallel Workers: 1

Heap:
 PSYoungGen      total 36352K, used 28160K [0x00000000f5580000, 0x00000000f8480000, 0x0000000100000000)
  eden space 28160K, 100% used [0x00000000f5580000,0x00000000f7100000,0x00000000f7100000)
  from space 8192K, 0% used [0x00000000f7a80000,0x00000000f7a80000,0x00000000f8280000)
  to   space 9216K, 0% used [0x00000000f7100000,0x00000000f7100000,0x00000000f7a00000)
 ParOldGen       total 349696K, used 349695K [0x00000000e0000000, 0x00000000f5580000, 0x00000000f5580000)
  object space 349696K, 99% used [0x00000000e0000000,0x00000000f557fff8,0x00000000f5580000)
 Metaspace       used 62821K, committed 64064K, reserved 1114112K
  class space    used 5995K, committed 6464K, reserved 1048576K

Card table byte_map: [0x00007f253f81e000,0x00007f253f91f000] _byte_map_base: 0x00007f253f11e000

Marking Bits: (ParMarkBitMap*) 0x00007f2540f6e4c0
 Begin Bits: [0x00007f253e671000, 0x00007f253ee71000)
 End Bits:   [0x00007f253ee71000, 0x00007f253f671000)

Polling page: 0x00007f253fb38000

Metaspace:

Usage:
  Non-class:     55.49 MB used.
      Class:      5.85 MB used.
       Both:     61.35 MB used.

Virtual space:
  Non-class space:       64.00 MB reserved,      56.25 MB ( 88%) committed,  8 nodes.
      Class space:        1.00 GB reserved,       6.31 MB ( <1%) committed,  1 nodes.
             Both:        1.06 GB reserved,      62.56 MB (  6%) committed. 

Chunk freelists:
   Non-Class:  3.68 MB
       Class:  1.80 MB
        Both:  5.48 MB

MaxMetaspaceSize: unlimited
CompressedClassSpaceSize: 1.00 GB
Initial GC threshold: 21.00 MB
Current GC threshold: 104.19 MB
CDS: on
MetaspaceReclaimPolicy: balanced
 - commit_granule_bytes: 65536.
 - commit_granule_words: 8192.
 - virtual_space_node_default_size: 1048576.
 - enlarge_chunks_in_place: 1.
 - new_chunks_are_fully_committed: 0.
 - uncommit_free_chunks: 1.
 - use_allocation_guard: 0.
 - handle_deallocations: 1.


Internal statistics:

num_allocs_failed_limit: 6.
num_arena_births: 534.
num_arena_deaths: 164.
num_vsnodes_births: 9.
num_vsnodes_deaths: 0.
num_space_committed: 999.
num_space_uncommitted: 0.
num_chunks_returned_to_freelist: 229.
num_chunks_taken_from_freelist: 2996.
num_chunk_merges: 89.
num_chunk_splits: 1967.
num_chunks_enlarged: 1229.
num_purges: 10.
num_inconsistent_stats: 0.

CodeHeap 'non-profiled nmethods': size=120036Kb used=2675Kb max_used=2675Kb free=117361Kb
 bounds [0x00007f2526f7a000, 0x00007f252721a000, 0x00007f252e4b3000]
CodeHeap 'profiled nmethods': size=120032Kb used=19516Kb max_used=19516Kb free=100515Kb
 bounds [0x00007f251fa42000, 0x00007f2520d62000, 0x00007f2526f7a000]
CodeHeap 'non-nmethods': size=5692Kb used=1393Kb max_used=1410Kb free=4298Kb
 bounds [0x00007f251f4b3000, 0x00007f251f723000, 0x00007f251fa42000]
 total_blobs=9132 nmethods=8410 adapters=634
 compilation: enabled
              stopped_count=0, restarted_count=0
 full_count=0

JVMCI Events (20 events):
Event: 146.601 Thread 0x00007f25380b2140 compacted oop handles in JVMCI runtime 0 from 149 to 142
Event: 146.601 Thread 0x00007f25380b2140 compacted oop handles in JVMCI runtime 0 from 143 to 101
Event: 152.388 Thread 0x00007f25380b2140 compacted oop handles in JVMCI runtime 0 from 114 to 87
Event: 152.482 Thread 0x00007f25380b2140 compacted oop handles in JVMCI runtime 0 from 111 to 108
Event: 153.083 Thread 0x00007f25380b2140 compacted oop handles in JVMCI runtime 0 from 119 to 92
Event: 153.086 Thread 0x00007f25380b2140 compacted oop handles in JVMCI runtime 0 from 95 to 94
Event: 153.517 Thread 0x00007f25380b2140 compacted oop handles in JVMCI runtime 0 from 108 to 102
Event: 153.683 Thread 0x00007f25380b2140 compacted oop handles in JVMCI runtime 0 from 123 to 87
Event: 153.860 Thread 0x00007f25380b2140 compacted oop handles in JVMCI runtime 0 from 139 to 117
Event: 154.880 Thread 0x00007f25380b2140 detaching from JVMCI runtime 0: releasing idle compiler thread (0 other threads still attached)
Event: 154.880 Thread 0x00007f25380b2140 shutting down HotSpotJVMCIRuntime for JVMCI runtime 0
Event: 154.880 Thread 0x00007f25380b2140 shut down JVMCI runtime 0
Event: 154.886 Thread 0x00007f25380b2140 destroyed JavaVM[1]@0x00007f24e7a9e340 for JVMCI runtime 0
Event: 154.886 Thread 0x00007f25380b2140 compacted oop handles in JVMCI runtime 0 from 131 to 131
Event: 154.886 Thread 0x00007f25380b2140 releasing handles for JVMCI runtime 0: oop handles=131, metadata handles={total=1472, live=1246, blocks=46}
Event: 154.886 Thread 0x00007f25380b2140 detached from JVMCI runtime 0
Event: 414.069 Thread 0x00007f25380b2140 attached to JVMCI runtime 0
Event: 414.073 Thread 0x00007f25380b2140 created JavaVM[2]@0x00007f24d529e340 for JVMCI runtime 0
Event: 416.304 Thread 0x00007f25380b2140 initializing JVMCI runtime 0
Event: 416.304 Thread 0x00007f25380b2140 done waiting for JavaVM references initialization in JVMCI runtime 0

Compilation events (20 events):
Event: 153.764 Thread 0x00007f25380b2140 nmethod 7815 0x00007f2527215110 code [0x00007f2527215280, 0x00007f25272152a0]
Event: 153.764 Thread 0x00007f25380b2140 11093       4       org.eclipse.jdt.internal.compiler.codegen.CodeStream::writeUnsignedShort (50 bytes)
Event: 153.768 Thread 0x00007f25380b2140 nmethod 11093 0x00007f2527215410 code [0x00007f2527215580, 0x00007f2527215650]
Event: 153.768 Thread 0x00007f25380b2140 11099       4       org.eclipse.jdt.internal.compiler.ast.TypeReference::resolveType (7 bytes)
Event: 153.772 Thread 0x00007f25380b2140 nmethod 11099 0x00007f2527215710 code [0x00007f2527215880, 0x00007f25272158e8]
Event: 153.772 Thread 0x00007f25380b2140 11134       4       org.eclipse.jdt.internal.compiler.lookup.TypeBinding::signature (5 bytes)
Event: 153.774 Thread 0x00007f25380b2140 nmethod 11134 0x00007f2527215a10 code [0x00007f2527215b80, 0x00007f2527215be0]
Event: 153.774 Thread 0x00007f25380b2140 10272       4       sun.nio.fs.UnixFileSystemProvider::getPath (9 bytes)
Event: 153.860 Thread 0x00007f25380b2140 nmethod 10272 0x00007f2527215d10 code [0x00007f2527215ea0, 0x00007f2527215f10]
Event: 153.860 Thread 0x00007f25380b2140 10864       4       java.io.OutputStream::flush (1 bytes)
Event: 153.861 Thread 0x00007f25380b2140 nmethod 10864 0x00007f2527216110 code [0x00007f2527216280, 0x00007f25272162c0]
Event: 153.861 Thread 0x00007f25380b2140 11132       4       org.eclipse.jdt.internal.core.JarPackageFragmentRoot::hashCode (16 bytes)
Event: 153.876 Thread 0x00007f25380b2140 nmethod 11132 0x00007f2527216410 code [0x00007f2527216580, 0x00007f2527216768]
Event: 153.876 Thread 0x00007f25380b2140 10676       4       java.util.Arrays$ArrayList::size (6 bytes)
Event: 153.879 Thread 0x00007f25380b2140 nmethod 10676 0x00007f2527216910 code [0x00007f2527216a80, 0x00007f2527216af8]
Event: 221.123 Thread 0x00007f25380b3650 11301       3       java.util.concurrent.Executors$RunnableAdapter::call (14 bytes)
Event: 225.600 Thread 0x00007f25380b3650 nmethod 11301 0x00007f2520d51d90 code [0x00007f2520d51f40, 0x00007f2520d52280]
Event: 363.775 Thread 0x00007f25380b3650 11302       3       java.util.concurrent.locks.ReentrantLock$NonfairSync::tryAcquire (27 bytes)
Event: 363.775 Thread 0x00007f25380b3650 nmethod 11302 0x00007f2520d52390 code [0x00007f2520d52540, 0x00007f2520d527a0]
Event: 414.069 Thread 0x00007f25380b2140 11303       4       org.eclipse.osgi.internal.loader.BundleLoader::findClass (7 bytes)

GC Heap History (20 events):
Event: 439.798 GC heap before
{Heap before GC invocations=250 (full 134):
 PSYoungGen      total 36352K, used 28160K [0x00000000f5580000, 0x00000000f8480000, 0x0000000100000000)
  eden space 28160K, 100% used [0x00000000f5580000,0x00000000f7100000,0x00000000f7100000)
  from space 8192K, 0% used [0x00000000f7a80000,0x00000000f7a80000,0x00000000f8280000)
  to   space 9216K, 0% used [0x00000000f7100000,0x00000000f7100000,0x00000000f7a00000)
 ParOldGen       total 349696K, used 349695K [0x00000000e0000000, 0x00000000f5580000, 0x00000000f5580000)
  object space 349696K, 99% used [0x00000000e0000000,0x00000000f557fff8,0x00000000f5580000)
 Metaspace       used 62821K, committed 64064K, reserved 1114112K
  class space    used 5995K, committed 6464K, reserved 1048576K
}
Event: 441.661 GC heap after
{Heap after GC invocations=250 (full 134):
 PSYoungGen      total 37376K, used 28160K [0x00000000f5580000, 0x00000000f8480000, 0x0000000100000000)
  eden space 28160K, 100% used [0x00000000f5580000,0x00000000f7100000,0x00000000f7100000)
  from space 9216K, 0% used [0x00000000f7100000,0x00000000f7100000,0x00000000f7a00000)
  to   space 8192K, 0% used [0x00000000f7a80000,0x00000000f7a80000,0x00000000f8280000)
 ParOldGen       total 349696K, used 349695K [0x00000000e0000000, 0x00000000f5580000, 0x00000000f5580000)
  object space 349696K, 99% used [0x00000000e0000000,0x00000000f557ffc8,0x00000000f5580000)
 Metaspace       used 62821K, committed 64064K, reserved 1114112K
  class space    used 5995K, committed 6464K, reserved 1048576K
}
Event: 441.676 GC heap before
{Heap before GC invocations=251 (full 135):
 PSYoungGen      total 37376K, used 28160K [0x00000000f5580000, 0x00000000f8480000, 0x0000000100000000)
  eden space 28160K, 100% used [0x00000000f5580000,0x00000000f7100000,0x00000000f7100000)
  from space 9216K, 0% used [0x00000000f7100000,0x00000000f7100000,0x00000000f7a00000)
  to   space 8192K, 0% used [0x00000000f7a80000,0x00000000f7a80000,0x00000000f8280000)
 ParOldGen       total 349696K, used 349695K [0x00000000e0000000, 0x00000000f5580000, 0x00000000f5580000)
  object space 349696K, 99% used [0x00000000e0000000,0x00000000f557ffe8,0x00000000f5580000)
 Metaspace       used 62821K, committed 64064K, reserved 1114112K
  class space    used 5995K, committed 6464K, reserved 1048576K
}
Event: 443.871 GC heap after
{Heap after GC invocations=251 (full 135):
 PSYoungGen      total 36352K, used 28160K [0x00000000f5580000, 0x00000000f8480000, 0x0000000100000000)
  eden space 28160K, 100% used [0x00000000f5580000,0x00000000f7100000,0x00000000f7100000)
  from space 8192K, 0% used [0x00000000f7a80000,0x00000000f7a80000,0x00000000f8280000)
  to   space 9216K, 0% used [0x00000000f7100000,0x00000000f7100000,0x00000000f7a00000)
 ParOldGen       total 349696K, used 349695K [0x00000000e0000000, 0x00000000f5580000, 0x00000000f5580000)
  object space 349696K, 99% used [0x00000000e0000000,0x00000000f557ff68,0x00000000f5580000)
 Metaspace       used 62821K, committed 64064K, reserved 1114112K
  class space    used 5995K, committed 6464K, reserved 1048576K
}
Event: 443.871 GC heap before
{Heap before GC invocations=252 (full 136):
 PSYoungGen      total 36352K, used 28160K [0x00000000f5580000, 0x00000000f8480000, 0x0000000100000000)
  eden space 28160K, 100% used [0x00000000f5580000,0x00000000f7100000,0x00000000f7100000)
  from space 8192K, 0% used [0x00000000f7a80000,0x00000000f7a80000,0x00000000f8280000)
  to   space 9216K, 0% used [0x00000000f7100000,0x00000000f7100000,0x00000000f7a00000)
 ParOldGen       total 349696K, used 349695K [0x00000000e0000000, 0x00000000f5580000, 0x00000000f5580000)
  object space 349696K, 99% used [0x00000000e0000000,0x00000000f557fff8,0x00000000f5580000)
 Metaspace       used 62821K, committed 64064K, reserved 1114112K
  class space    used 5995K, committed 6464K, reserved 1048576K
}
Event: 446.132 GC heap after
{Heap after GC invocations=252 (full 136):
 PSYoungGen      total 37376K, used 28160K [0x00000000f5580000, 0x00000000f8480000, 0x0000000100000000)
  eden space 28160K, 100% used [0x00000000f5580000,0x00000000f7100000,0x00000000f7100000)
  from space 9216K, 0% used [0x00000000f7100000,0x00000000f7100000,0x00000000f7a00000)
  to   space 8192K, 0% used [0x00000000f7a80000,0x00000000f7a80000,0x00000000f8280000)
 ParOldGen       total 349696K, used 349695K [0x00000000e0000000, 0x00000000f5580000, 0x00000000f5580000)
  object space 349696K, 99% used [0x00000000e0000000,0x00000000f557ff80,0x00000000f5580000)
 Metaspace       used 62821K, committed 64064K, reserved 1114112K
  class space    used 5995K, committed 6464K, reserved 1048576K
}
Event: 446.132 GC heap before
{Heap before GC invocations=253 (full 137):
 PSYoungGen      total 37376K, used 28160K [0x00000000f5580000, 0x00000000f8480000, 0x0000000100000000)
  eden space 28160K, 100% used [0x00000000f5580000,0x00000000f7100000,0x00000000f7100000)
  from space 9216K, 0% used [0x00000000f7100000,0x00000000f7100000,0x00000000f7a00000)
  to   space 8192K, 0% used [0x00000000f7a80000,0x00000000f7a80000,0x00000000f8280000)
 ParOldGen       total 349696K, used 349695K [0x00000000e0000000, 0x00000000f5580000, 0x00000000f5580000)
  object space 349696K, 99% used [0x00000000e0000000,0x00000000f557fff0,0x00000000f5580000)
 Metaspace       used 62821K, committed 64064K, reserved 1114112K
  class space    used 5995K, committed 6464K, reserved 1048576K
}
Event: 447.882 GC heap after
{Heap after GC invocations=253 (full 137):
 PSYoungGen      total 36352K, used 28160K [0x00000000f5580000, 0x00000000f8480000, 0x0000000100000000)
  eden space 28160K, 100% used [0x00000000f5580000,0x00000000f7100000,0x00000000f7100000)
  from space 8192K, 0% used [0x00000000f7a80000,0x00000000f7a80000,0x00000000f8280000)
  to   space 9216K, 0% used [0x00000000f7100000,0x00000000f7100000,0x00000000f7a00000)
 ParOldGen       total 349696K, used 349695K [0x00000000e0000000, 0x00000000f5580000, 0x00000000f5580000)
  object space 349696K, 99% used [0x00000000e0000000,0x00000000f557ff28,0x00000000f5580000)
 Metaspace       used 62821K, committed 64064K, reserved 1114112K
  class space    used 5995K, committed 6464K, reserved 1048576K
}
Event: 447.882 GC heap before
{Heap before GC invocations=254 (full 138):
 PSYoungGen      total 36352K, used 28160K [0x00000000f5580000, 0x00000000f8480000, 0x0000000100000000)
  eden space 28160K, 100% used [0x00000000f5580000,0x00000000f7100000,0x00000000f7100000)
  from space 8192K, 0% used [0x00000000f7a80000,0x00000000f7a80000,0x00000000f8280000)
  to   space 9216K, 0% used [0x00000000f7100000,0x00000000f7100000,0x00000000f7a00000)
 ParOldGen       total 349696K, used 349695K [0x00000000e0000000, 0x00000000f5580000, 0x00000000f5580000)
  object space 349696K, 99% used [0x00000000e0000000,0x00000000f557ffe8,0x00000000f5580000)
 Metaspace       used 62821K, committed 64064K, reserved 1114112K
  class space    used 5995K, committed 6464K, reserved 1048576K
}
Event: 450.203 GC heap after
{Heap after GC invocations=254 (full 138):
 PSYoungGen      total 37376K, used 28160K [0x00000000f5580000, 0x00000000f8480000, 0x0000000100000000)
  eden space 28160K, 100% used [0x00000000f5580000,0x00000000f7100000,0x00000000f7100000)
  from space 9216K, 0% used [0x00000000f7100000,0x00000000f7100000,0x00000000f7a00000)
  to   space 8192K, 0% used [0x00000000f7a80000,0x00000000f7a80000,0x00000000f8280000)
 ParOldGen       total 349696K, used 349691K [0x00000000e0000000, 0x00000000f5580000, 0x00000000f5580000)
  object space 349696K, 99% used [0x00000000e0000000,0x00000000f557eca0,0x00000000f5580000)
 Metaspace       used 62821K, committed 64064K, reserved 1114112K
  class space    used 5995K, committed 6464K, reserved 1048576K
}
Event: 450.205 GC heap before
{Heap before GC invocations=255 (full 139):
 PSYoungGen      total 37376K, used 28160K [0x00000000f5580000, 0x00000000f8480000, 0x0000000100000000)
  eden space 28160K, 100% used [0x00000000f5580000,0x00000000f7100000,0x00000000f7100000)
  from space 9216K, 0% used [0x00000000f7100000,0x00000000f7100000,0x00000000f7a00000)
  to   space 8192K, 0% used [0x00000000f7a80000,0x00000000f7a80000,0x00000000f8280000)
 ParOldGen       total 349696K, used 349691K [0x00000000e0000000, 0x00000000f5580000, 0x00000000f5580000)
  object space 349696K, 99% used [0x00000000e0000000,0x00000000f557eef8,0x00000000f5580000)
 Metaspace       used 62821K, committed 64064K, reserved 1114112K
  class space    used 5995K, committed 6464K, reserved 1048576K
}
Event: 452.485 GC heap after
{Heap after GC invocations=255 (full 139):
 PSYoungGen      total 36352K, used 28160K [0x00000000f5580000, 0x00000000f8480000, 0x0000000100000000)
  eden space 28160K, 100% used [0x00000000f5580000,0x00000000f7100000,0x00000000f7100000)
  from space 8192K, 0% used [0x00000000f7a80000,0x00000000f7a80000,0x00000000f8280000)
  to   space 9216K, 0% used [0x00000000f7100000,0x00000000f7100000,0x00000000f7a00000)
 ParOldGen       total 349696K, used 349691K [0x00000000e0000000, 0x00000000f5580000, 0x00000000f5580000)
  object space 349696K, 99% used [0x00000000e0000000,0x00000000f557ecc8,0x00000000f5580000)
 Metaspace       used 62821K, committed 64064K, reserved 1114112K
  class space    used 5995K, committed 6464K, reserved 1048576K
}
Event: 452.487 GC heap before
{Heap before GC invocations=256 (full 140):
 PSYoungGen      total 36352K, used 28160K [0x00000000f5580000, 0x00000000f8480000, 0x0000000100000000)
  eden space 28160K, 100% used [0x00000000f5580000,0x00000000f7100000,0x00000000f7100000)
  from space 8192K, 0% used [0x00000000f7a80000,0x00000000f7a80000,0x00000000f8280000)
  to   space 9216K, 0% used [0x00000000f7100000,0x00000000f7100000,0x00000000f7a00000)
 ParOldGen       total 349696K, used 349696K [0x00000000e0000000, 0x00000000f5580000, 0x00000000f5580000)
  object space 349696K, 100% used [0x00000000e0000000,0x00000000f5580000,0x00000000f5580000)
 Metaspace       used 62821K, committed 64064K, reserved 1114112K
  class space    used 5995K, committed 6464K, reserved 1048576K
}
Event: 454.758 GC heap after
{Heap after GC invocations=256 (full 140):
 PSYoungGen      total 37376K, used 28160K [0x00000000f5580000, 0x00000000f8480000, 0x0000000100000000)
  eden space 28160K, 100% used [0x00000000f5580000,0x00000000f7100000,0x00000000f7100000)
  from space 9216K, 0% used [0x00000000f7100000,0x00000000f7100000,0x00000000f7a00000)
  to   space 8192K, 0% used [0x00000000f7a80000,0x00000000f7a80000,0x00000000f8280000)
 ParOldGen       total 349696K, used 349694K [0x00000000e0000000, 0x00000000f5580000, 0x00000000f5580000)
  object space 349696K, 99% used [0x00000000e0000000,0x00000000f557fbd0,0x00000000f5580000)
 Metaspace       used 62821K, committed 64064K, reserved 1114112K
  class space    used 5995K, committed 6464K, reserved 1048576K
}
Event: 454.760 GC heap before
{Heap before GC invocations=257 (full 141):
 PSYoungGen      total 37376K, used 28160K [0x00000000f5580000, 0x00000000f8480000, 0x0000000100000000)
  eden space 28160K, 100% used [0x00000000f5580000,0x00000000f7100000,0x00000000f7100000)
  from space 9216K, 0% used [0x00000000f7100000,0x00000000f7100000,0x00000000f7a00000)
  to   space 8192K, 0% used [0x00000000f7a80000,0x00000000f7a80000,0x00000000f8280000)
 ParOldGen       total 349696K, used 349695K [0x00000000e0000000, 0x00000000f5580000, 0x00000000f5580000)
  object space 349696K, 99% used [0x00000000e0000000,0x00000000f557fcc0,0x00000000f5580000)
 Metaspace       used 62821K, committed 64064K, reserved 1114112K
  class space    used 5995K, committed 6464K, reserved 1048576K
}
Event: 456.679 GC heap after
{Heap after GC invocations=257 (full 141):
 PSYoungGen      total 36352K, used 28160K [0x00000000f5580000, 0x00000000f8480000, 0x0000000100000000)
  eden space 28160K, 100% used [0x00000000f5580000,0x00000000f7100000,0x00000000f7100000)
  from space 8192K, 0% used [0x00000000f7a80000,0x00000000f7a80000,0x00000000f8280000)
  to   space 9216K, 0% used [0x00000000f7100000,0x00000000f7100000,0x00000000f7a00000)
 ParOldGen       total 349696K, used 349694K [0x00000000e0000000, 0x00000000f5580000, 0x00000000f5580000)
  object space 349696K, 99% used [0x00000000e0000000,0x00000000f557fbd0,0x00000000f5580000)
 Metaspace       used 62821K, committed 64064K, reserved 1114112K
  class space    used 5995K, committed 6464K, reserved 1048576K
}
Event: 456.680 GC heap before
{Heap before GC invocations=258 (full 142):
 PSYoungGen      total 36352K, used 28160K [0x00000000f5580000, 0x00000000f8480000, 0x0000000100000000)
  eden space 28160K, 100% used [0x00000000f5580000,0x00000000f7100000,0x00000000f7100000)
  from space 8192K, 0% used [0x00000000f7a80000,0x00000000f7a80000,0x00000000f8280000)
  to   space 9216K, 0% used [0x00000000f7100000,0x00000000f7100000,0x00000000f7a00000)
 ParOldGen       total 349696K, used 349695K [0x00000000e0000000, 0x00000000f5580000, 0x00000000f5580000)
  object space 349696K, 99% used [0x00000000e0000000,0x00000000f557fd00,0x00000000f5580000)
 Metaspace       used 62821K, committed 64064K, reserved 1114112K
  class space    used 5995K, committed 6464K, reserved 1048576K
}
Event: 459.058 GC heap after
{Heap after GC invocations=258 (full 142):
 PSYoungGen      total 37376K, used 28160K [0x00000000f5580000, 0x00000000f8480000, 0x0000000100000000)
  eden space 28160K, 100% used [0x00000000f5580000,0x00000000f7100000,0x00000000f7100000)
  from space 9216K, 0% used [0x00000000f7100000,0x00000000f7100000,0x00000000f7a00000)
  to   space 8192K, 0% used [0x00000000f7a80000,0x00000000f7a80000,0x00000000f8280000)
 ParOldGen       total 349696K, used 349694K [0x00000000e0000000, 0x00000000f5580000, 0x00000000f5580000)
  object space 349696K, 99% used [0x00000000e0000000,0x00000000f557fbd0,0x00000000f5580000)
 Metaspace       used 62821K, committed 64064K, reserved 1114112K
  class space    used 5995K, committed 6464K, reserved 1048576K
}
Event: 459.058 GC heap before
{Heap before GC invocations=259 (full 143):
 PSYoungGen      total 37376K, used 28160K [0x00000000f5580000, 0x00000000f8480000, 0x0000000100000000)
  eden space 28160K, 100% used [0x00000000f5580000,0x00000000f7100000,0x00000000f7100000)
  from space 9216K, 0% used [0x00000000f7100000,0x00000000f7100000,0x00000000f7a00000)
  to   space 8192K, 0% used [0x00000000f7a80000,0x00000000f7a80000,0x00000000f8280000)
 ParOldGen       total 349696K, used 349694K [0x00000000e0000000, 0x00000000f5580000, 0x00000000f5580000)
  object space 349696K, 99% used [0x00000000e0000000,0x00000000f557fbd0,0x00000000f5580000)
 Metaspace       used 62821K, committed 64064K, reserved 1114112K
  class space    used 5995K, committed 6464K, reserved 1048576K
}
Event: 461.308 GC heap after
{Heap after GC invocations=259 (full 143):
 PSYoungGen      total 36352K, used 28160K [0x00000000f5580000, 0x00000000f8480000, 0x0000000100000000)
  eden space 28160K, 100% used [0x00000000f5580000,0x00000000f7100000,0x00000000f7100000)
  from space 8192K, 0% used [0x00000000f7a80000,0x00000000f7a80000,0x00000000f8280000)
  to   space 9216K, 0% used [0x00000000f7100000,0x00000000f7100000,0x00000000f7a00000)
 ParOldGen       total 349696K, used 349694K [0x00000000e0000000, 0x00000000f5580000, 0x00000000f5580000)
  object space 349696K, 99% used [0x00000000e0000000,0x00000000f557fbd0,0x00000000f5580000)
 Metaspace       used 62821K, committed 64064K, reserved 1114112K
  class space    used 5995K, committed 6464K, reserved 1048576K
}

Dll operation events (9 events):
Event: 0.057 Loaded shared library /nix/store/gpxl5qgg8kicmcvivwmybwjlpf7wh20l-graalvm17-ce-22.3.0/lib/libjava.so
Event: 0.072 Loaded shared library /nix/store/gpxl5qgg8kicmcvivwmybwjlpf7wh20l-graalvm17-ce-22.3.0/lib/libjsvml.so
Event: 0.396 Loaded shared library /nix/store/gpxl5qgg8kicmcvivwmybwjlpf7wh20l-graalvm17-ce-22.3.0/lib/libjvmcicompiler.so
Event: 0.490 Loaded shared library /nix/store/gpxl5qgg8kicmcvivwmybwjlpf7wh20l-graalvm17-ce-22.3.0/lib/libnio.so
Event: 0.503 Loaded shared library /nix/store/gpxl5qgg8kicmcvivwmybwjlpf7wh20l-graalvm17-ce-22.3.0/lib/libzip.so
Event: 1.181 Loaded shared library /nix/store/gpxl5qgg8kicmcvivwmybwjlpf7wh20l-graalvm17-ce-22.3.0/lib/libjimage.so
Event: 2.185 Loaded shared library /nix/store/gpxl5qgg8kicmcvivwmybwjlpf7wh20l-graalvm17-ce-22.3.0/lib/libnet.so
Event: 7.704 Loaded shared library /home/runner/.cache/jdt-language-server/config/org.eclipse.equinox.launcher/org.eclipse.equinox.launcher.gtk.linux.x86_64_1.2.400.v20211117-0650/eclipse_11600.so
Event: 21.461 Loaded shared library /nix/store/gpxl5qgg8kicmcvivwmybwjlpf7wh20l-graalvm17-ce-22.3.0/lib/libextnet.so

Deoptimization events (20 events):
Event: 153.372 Thread 0x00007f24d0490f80 DEOPT PACKING pc=0x00007f2520d515dd sp=0x00007f251c3fe530
Event: 153.372 Thread 0x00007f24d0490f80 DEOPT UNPACKING pc=0x00007f251f505325 sp=0x00007f251c3fda20 mode 0
Event: 153.374 Thread 0x00007f24d0490f80 DEOPT PACKING pc=0x00007f2520d515dd sp=0x00007f251c3fe530
Event: 153.374 Thread 0x00007f24d0490f80 DEOPT UNPACKING pc=0x00007f251f505325 sp=0x00007f251c3fda20 mode 0
Event: 153.383 Thread 0x00007f24d0490f80 DEOPT PACKING pc=0x00007f2520d515dd sp=0x00007f251c3fe530
Event: 153.383 Thread 0x00007f24d0490f80 DEOPT UNPACKING pc=0x00007f251f505325 sp=0x00007f251c3fda20 mode 0
Event: 153.388 Thread 0x00007f24d0490f80 DEOPT PACKING pc=0x00007f2520d515dd sp=0x00007f251c3fe530
Event: 153.388 Thread 0x00007f24d0490f80 DEOPT UNPACKING pc=0x00007f251f505325 sp=0x00007f251c3fda20 mode 0
Event: 153.402 Thread 0x00007f24d0490f80 DEOPT PACKING pc=0x00007f2520d515dd sp=0x00007f251c3fe530
Event: 153.402 Thread 0x00007f24d0490f80 DEOPT UNPACKING pc=0x00007f251f505325 sp=0x00007f251c3fda20 mode 0
Event: 153.408 Thread 0x00007f24d0490f80 DEOPT PACKING pc=0x00007f2520d515dd sp=0x00007f251c3fe530
Event: 153.408 Thread 0x00007f24d0490f80 DEOPT UNPACKING pc=0x00007f251f505325 sp=0x00007f251c3fda20 mode 0
Event: 427.257 Thread 0x00007f24d0490f80 Uncommon trap: trap_request=0xffffff8f fr.pc=0x00007f2527208494 relative=0x0000000000000274
Event: 427.257 Thread 0x00007f24d0490f80 Uncommon trap: reason=constraint action=none pc=0x00007f2527208494 method=org.eclipse.jdt.internal.core.index.DiskIndex$IntList.add(I)V @ 0 jvmci
Event: 427.257 Thread 0x00007f24d0490f80 DEOPT PACKING pc=0x00007f2527208494 sp=0x00007f251c3fe500
Event: 427.257 Thread 0x00007f24d0490f80 DEOPT UNPACKING pc=0x00007f251f505325 sp=0x00007f251c3fd9a0 mode 3
Event: 452.485 Thread 0x00007f25380b2140 Uncommon trap: trap_request=0xffffffcd fr.pc=0x00007f25271b4012 relative=0x00000000000004d2
Event: 452.485 Thread 0x00007f25380b2140 Uncommon trap: reason=intrinsic_or_type_checked_inlining action=reinterpret pc=0x00007f25271b4012 method=java.io.DataOutputStream.writeInt(I)V @ 0 jvmci
Event: 452.485 Thread 0x00007f25380b2140 DEOPT PACKING pc=0x00007f25271b4012 sp=0x00007f253cc18000
Event: 452.485 Thread 0x00007f25380b2140 DEOPT UNPACKING pc=0x00007f251f505325 sp=0x00007f253cc174d8 mode 3

Classes unloaded (20 events):
Event: 175.997 Thread 0x00007f25380a1b40 Unloading class 0x0000000801120c00 'jdk/internal/reflect/GeneratedSerializationConstructorAccessor10'
Event: 175.997 Thread 0x00007f25380a1b40 Unloading class 0x0000000801120800 'jdk/internal/reflect/GeneratedSerializationConstructorAccessor9'
Event: 175.997 Thread 0x00007f25380a1b40 Unloading class 0x0000000801120400 'jdk/internal/reflect/GeneratedSerializationConstructorAccessor8'
Event: 175.997 Thread 0x00007f25380a1b40 Unloading class 0x0000000801120000 'jdk/internal/reflect/GeneratedConstructorAccessor37'
Event: 175.997 Thread 0x00007f25380a1b40 Unloading class 0x0000000801114000 'jdk/internal/reflect/GeneratedSerializationConstructorAccessor7'
Event: 175.997 Thread 0x00007f25380a1b40 Unloading class 0x0000000801111c00 'jdk/internal/reflect/GeneratedSerializationConstructorAccessor6'
Event: 175.997 Thread 0x00007f25380a1b40 Unloading class 0x0000000801111800 'jdk/internal/reflect/GeneratedSerializationConstructorAccessor5'
Event: 175.997 Thread 0x00007f25380a1b40 Unloading class 0x0000000801111400 'jdk/internal/reflect/GeneratedSerializationConstructorAccessor4'
Event: 175.997 Thread 0x00007f25380a1b40 Unloading class 0x0000000801100c00 'jdk/internal/reflect/GeneratedConstructorAccessor36'
Event: 175.997 Thread 0x00007f25380a1b40 Unloading class 0x00000008010e8c00 'jdk/internal/reflect/GeneratedMethodAccessor10'
Event: 175.997 Thread 0x00007f25380a1b40 Unloading class 0x00000008010e8800 'jdk/internal/reflect/GeneratedMethodAccessor9'
Event: 175.997 Thread 0x00007f25380a1b40 Unloading class 0x00000008010e8400 'jdk/internal/reflect/GeneratedMethodAccessor8'
Event: 175.997 Thread 0x00007f25380a1b40 Unloading class 0x00000008010e8000 'jdk/internal/reflect/GeneratedMethodAccessor7'
Event: 175.997 Thread 0x00007f25380a1b40 Unloading class 0x00000008010c4000 'jdk/internal/reflect/GeneratedSerializationConstructorAccessor3'
Event: 175.997 Thread 0x00007f25380a1b40 Unloading class 0x0000000801096400 'jdk/internal/reflect/GeneratedSerializationConstructorAccessor2'
Event: 175.997 Thread 0x00007f25380a1b40 Unloading class 0x0000000801096000 'jdk/internal/reflect/GeneratedSerializationConstructorAccessor1'
Event: 175.997 Thread 0x00007f25380a1b40 Unloading class 0x0000000800ef9800 'jdk/internal/reflect/GeneratedConstructorAccessor14'
Event: 175.997 Thread 0x00007f25380a1b40 Unloading class 0x0000000800ef9000 'jdk/internal/reflect/GeneratedConstructorAccessor12'
Event: 175.997 Thread 0x00007f25380a1b40 Unloading class 0x0000000800ef8c00 'jdk/internal/reflect/GeneratedConstructorAccessor11'
Event: 175.997 Thread 0x00007f25380a1b40 Unloading class 0x0000000800ef8800 'jdk/internal/reflect/GeneratedConstructorAccessor10'

Classes redefined (0 events):
No events

Internal exceptions (20 events):
Event: 80.278 Thread 0x00007f24c00010d0 Exception <a 'java/lang/NoSuchMethodError'{0x00000000f61d18f8}: 'java.lang.Object java.lang.invoke.DirectMethodHandle$Holder.invokeSpecial(java.lang.Object, java.lang.Object, java.lang.Object, int, java.lang.Object, java.lang.Object)'> (0x00000000f61d18f8) 
thrown [src/hotspot/share/interpreter/linkResolver.cpp, line 758]
Event: 82.967 Thread 0x00007f2538373280 Implicit null exception at 0x00007f2527067fcf to 0x00007f252706863a
Event: 104.673 Thread 0x00007f24a413ac80 Exception <a 'java/lang/NoSuchMethodError'{0x00000000f5a495d8}: 'java.lang.Object java.lang.invoke.DirectMethodHandle$Holder.invokeStatic(java.lang.Object, int, java.lang.Object, java.lang.Object, java.lang.Object, java.lang.Object)'> (0x00000000f5a495d8) 
thrown [src/hotspot/share/interpreter/linkResolver.cpp, line 758]
Event: 104.699 Thread 0x00007f24a414bd40 Exception <a 'java/lang/NoSuchMethodError'{0x00000000f5b83f08}: 'java.lang.Object java.lang.invoke.DirectMethodHandle$Holder.newInvokeSpecial(java.lang.Object, java.lang.Object, int, java.lang.Object, java.lang.Object, java.lang.Object, java.lang.Object)'> (0x00000000f5b83f08) 
thrown [src/hotspot/share/interpreter/linkResolver.cpp, line 758]
Event: 104.715 Thread 0x00007f24a4136460 Exception <a 'java/lang/NoSuchMethodError'{0x00000000f5b2f4d8}: 'java.lang.Object java.lang.invoke.DirectMethodHandle$Holder.newInvokeSpecial(java.lang.Object, int, java.lang.Object, java.lang.Object, java.lang.Object)'> (0x00000000f5b2f4d8) 
thrown [src/hotspot/share/interpreter/linkResolver.cpp, line 758]
Event: 104.756 Thread 0x00007f24a413ac80 Exception <a 'java/lang/NoSuchMethodError'{0x00000000f5aae318}: 'java.lang.Object java.lang.invoke.DirectMethodHandle$Holder.newInvokeSpecial(java.lang.Object, int, java.lang.Object, java.lang.Object, java.lang.Object)'> (0x00000000f5aae318) 
thrown [src/hotspot/share/interpreter/linkResolver.cpp, line 758]
Event: 104.770 Thread 0x00007f24a414ce90 Exception <a 'java/lang/NoSuchMethodError'{0x00000000f5c462f8}: 'java.lang.Object java.lang.invoke.Invokers$Holder.linkToTargetMethod(java.lang.Object, int, java.lang.Object, java.lang.Object, java.lang.Object, java.lang.Object, java.lang.Object)'> (0x00000000f5c462f8) 
thrown [src/hotspot/share/interpreter/linkResolver.cpp, line 758]
Event: 105.860 Thread 0x00007f24a414ce90 Exception <a 'java/lang/NoSuchMethodError'{0x00000000f5659d70}: 'void java.lang.invoke.DirectMethodHandle$Holder.invokeSpecial(java.lang.Object, java.lang.Object, int)'> (0x00000000f5659d70) 
thrown [src/hotspot/share/interpreter/linkResolver.cpp, line 758]
Event: 105.861 Thread 0x00007f24a414de60 Exception <a 'java/lang/NoSuchMethodError'{0x00000000f565ef00}: 'void java.lang.invoke.DirectMethodHandle$Holder.invokeSpecial(java.lang.Object, java.lang.Object, int)'> (0x00000000f565ef00) 
thrown [src/hotspot/share/interpreter/linkResolver.cpp, line 758]
Event: 105.867 Thread 0x00007f24a413fd60 Exception <a 'java/lang/NoSuchMethodError'{0x00000000f567d438}: 'void java.lang.invoke.DirectMethodHandle$Holder.invokeSpecial(java.lang.Object, java.lang.Object, int)'> (0x00000000f567d438) 
thrown [src/hotspot/share/interpreter/linkResolver.cpp, line 758]
Event: 105.867 Thread 0x00007f24a4136d00 Exception <a 'java/lang/NoSuchMethodError'{0x00000000f566c420}: 'void java.lang.invoke.DirectMethodHandle$Holder.invokeSpecial(java.lang.Object, java.lang.Object, int)'> (0x00000000f566c420) 
thrown [src/hotspot/share/interpreter/linkResolver.cpp, line 758]
Event: 105.871 Thread 0x00007f24a414bd40 Exception <a 'java/lang/NoSuchMethodError'{0x00000000f5669978}: 'void java.lang.invoke.DirectMethodHandle$Holder.invokeSpecial(java.lang.Object, java.lang.Object, int)'> (0x00000000f5669978) 
thrown [src/hotspot/share/interpreter/linkResolver.cpp, line 758]
Event: 107.963 Thread 0x00007f24a413ac80 Exception <a 'java/lang/NoSuchMethodError'{0x00000000f6371c10}: 'int java.lang.invoke.DirectMethodHandle$Holder.invokeSpecialIFC(java.lang.Object, java.lang.Object, java.lang.Object, java.lang.Object)'> (0x00000000f6371c10) 
thrown [src/hotspot/share/interpreter/linkResolver.cpp, line 758]
Event: 392.198 Thread 0x00007f24c02cc550 Exception <a 'java/lang/OutOfMemoryError'{0x00000000e0010550}> (0x00000000e0010550) 
thrown [src/hotspot/share/gc/shared/memAllocator.cpp, line 136]
Event: 407.388 Thread 0x00007f249c4664a0 Exception <a 'java/lang/OutOfMemoryError'{0x00000000e0010820}> (0x00000000e0010820) 
thrown [src/hotspot/share/gc/shared/memAllocator.cpp, line 136]
Event: 427.257 Thread 0x00007f24d0490f80 Exception <a 'java/lang/OutOfMemoryError'{0x00000000e0010820}> (0x00000000e0010820) 
thrown [src/hotspot/share/gc/shared/memAllocator.cpp, line 138]
Event: 427.257 Thread 0x00007f24d0490f80 Implicit null exception at 0x00007f25272083ed to 0x00007f2527208479
Event: 431.485 Thread 0x00007f249c4664a0 Exception <a 'java/lang/OutOfMemoryError'{0x00000000e0010b40}> (0x00000000e0010b40) 
thrown [src/hotspot/share/gc/shared/memAllocator.cpp, line 136]
Event: 439.797 Thread 0x00007f249c4664a0 Exception <a 'java/lang/OutOfMemoryError'{0x00000000e0010b40}> (0x00000000e0010b40) 
thrown [src/hotspot/share/gc/shared/memAllocator.cpp, line 136]
Event: 461.309 Thread 0x00007f25380b2140 Exception <a 'java/lang/OutOfMemoryError'{0x00000000e0010b40}> (0x00000000e0010b40) 
thrown [src/hotspot/share/gc/shared/memAllocator.cpp, line 136]

VM Operations (20 events):
Event: 439.797 Executing VM operation: ParallelGCFailedAllocation done
Event: 439.797 Executing VM operation: ParallelGCFailedAllocation
Event: 441.661 Executing VM operation: ParallelGCFailedAllocation done
Event: 441.676 Executing VM operation: ParallelGCFailedAllocation
Event: 443.871 Executing VM operation: ParallelGCFailedAllocation done
Event: 443.871 Executing VM operation: ParallelGCFailedAllocation
Event: 446.132 Executing VM operation: ParallelGCFailedAllocation done
Event: 446.132 Executing VM operation: ParallelGCFailedAllocation
Event: 447.882 Executing VM operation: ParallelGCFailedAllocation done
Event: 447.882 Executing VM operation: ParallelGCFailedAllocation
Event: 450.203 Executing VM operation: ParallelGCFailedAllocation done
Event: 450.203 Executing VM operation: ParallelGCFailedAllocation
Event: 452.485 Executing VM operation: ParallelGCFailedAllocation done
Event: 452.486 Executing VM operation: ParallelGCFailedAllocation
Event: 454.758 Executing VM operation: ParallelGCFailedAllocation done
Event: 454.758 Executing VM operation: ParallelGCFailedAllocation
Event: 456.680 Executing VM operation: ParallelGCFailedAllocation done
Event: 456.680 Executing VM operation: ParallelGCFailedAllocation
Event: 461.309 Executing VM operation: ParallelGCFailedAllocation done
Event: 461.309 Executing VM operation: ParallelGCFailedAllocation

Events (20 events):
Event: 110.971 Thread 0x00007f24a414ce90 Thread exited: 0x00007f24a414ce90
Event: 111.856 Thread 0x00007f24a00050f0 Thread exited: 0x00007f24a00050f0
Event: 112.168 Thread 0x00007f24a4140d20 Thread exited: 0x00007f24a4140d20
Event: 112.757 Thread 0x00007f249c46d440 Thread exited: 0x00007f249c46d440
Event: 112.762 Thread 0x00007f24a414bd40 Thread exited: 0x00007f24a414bd40
Event: 113.761 Thread 0x00007f24a414de60 Thread exited: 0x00007f24a414de60
Event: 114.364 Thread 0x00007f24a413bda0 Thread exited: 0x00007f24a413bda0
Event: 115.266 Thread 0x00007f24a4136d00 Thread exited: 0x00007f24a4136d00
Event: 115.690 Thread 0x00007f24a413fd60 Thread exited: 0x00007f24a413fd60
Event: 160.568 Thread 0x00007f24d0315090 Thread exited: 0x00007f24d0315090
Event: 160.568 Thread 0x00007f24c00010d0 Thread exited: 0x00007f24c00010d0
Event: 160.568 Thread 0x00007f24a8000ff0 Thread exited: 0x00007f24a8000ff0
Event: 160.570 Thread 0x00007f24b0082560 Thread exited: 0x00007f24b0082560
Event: 177.300 Thread 0x00007f24b0000ff0 Thread exited: 0x00007f24b0000ff0
Event: 409.810 loading class java/io/InterruptedIOException
Event: 409.810 loading class java/io/InterruptedIOException done
Event: 409.810 loading class javax/net/ssl/SSLException
Event: 409.810 loading class javax/net/ssl/SSLException done
Event: 414.069 loading class java/lang/AssertionError
Event: 431.485 loading class java/lang/AssertionError done


Dynamic libraries:
e0000000-f5580000 rw-p 00000000 00:00 0 
f5580000-f8480000 rw-p 00000000 00:00 0 
f8480000-100000000 ---p 00000000 00:00 0 
800000000-800449000 rw-p 00001000 00:a98 4611686019135357769             /nix/store/gpxl5qgg8kicmcvivwmybwjlpf7wh20l-graalvm17-ce-22.3.0/lib/server/classes.jsa
800449000-800bc8000 r--p 0044a000 00:a98 4611686019135357769             /nix/store/gpxl5qgg8kicmcvivwmybwjlpf7wh20l-graalvm17-ce-22.3.0/lib/server/classes.jsa
800bc8000-800c00000 ---p 00000000 00:00 0 
800c00000-800c20000 rw-p 00000000 00:00 0 
800c20000-800c40000 rw-p 00000000 00:00 0 
800c40000-800cc0000 rw-p 00000000 00:00 0 
800cc0000-800d00000 rw-p 00000000 00:00 0 
800d00000-800dc0000 rw-p 00000000 00:00 0 
800dc0000-800e00000 rw-p 00000000 00:00 0 
800e00000-800f40000 rw-p 00000000 00:00 0 
800f40000-800fc0000 rw-p 00000000 00:00 0 
800fc0000-801000000 rw-p 00000000 00:00 0 
801000000-801250000 rw-p 00000000 00:00 0 
801250000-840c00000 ---p 00000000 00:00 0 
5646bb88a000-5646bb88b000 r-xp 00000000 00:a98 4611686019099417844       /nix/store/gpxl5qgg8kicmcvivwmybwjlpf7wh20l-graalvm17-ce-22.3.0/bin/.java-wrapped
5646bb88c000-5646bb88d000 r--p 00001000 00:a98 4611686019099417844       /nix/store/gpxl5qgg8kicmcvivwmybwjlpf7wh20l-graalvm17-ce-22.3.0/bin/.java-wrapped
5646bb88d000-5646bb88e000 rw-p 00002000 00:a98 4611686019099417844       /nix/store/gpxl5qgg8kicmcvivwmybwjlpf7wh20l-graalvm17-ce-22.3.0/bin/.java-wrapped
5646bb88e000-5646bb88f000 rw-p 00004000 00:a98 4611686019099417844       /nix/store/gpxl5qgg8kicmcvivwmybwjlpf7wh20l-graalvm17-ce-22.3.0/bin/.java-wrapped
5646bb88f000-5646bb890000 rw-p 00005000 00:a98 4611686019099417844       /nix/store/gpxl5qgg8kicmcvivwmybwjlpf7wh20l-graalvm17-ce-22.3.0/bin/.java-wrapped
5646bc569000-5646bc5f6000 rw-p 00000000 00:00 0                          [heap]
7f244c000000-7f244c063000 rw-p 00000000 00:00 0 
7f244c063000-7f2450000000 ---p 00000000 00:00 0 
7f2454000000-7f2454038000 rw-p 00000000 00:00 0 
7f2454038000-7f2458000000 ---p 00000000 00:00 0 
7f2458000000-7f2458041000 rw-p 00000000 00:00 0 
7f2458041000-7f245c000000 ---p 00000000 00:00 0 
7f245c000000-7f245c021000 rw-p 00000000 00:00 0 
7f245c021000-7f2460000000 ---p 00000000 00:00 0 
7f2460000000-7f2460030000 rw-p 00000000 00:00 0 
7f2460030000-7f2464000000 ---p 00000000 00:00 0 
7f2464000000-7f2464027000 rw-p 00000000 00:00 0 
7f2464027000-7f2468000000 ---p 00000000 00:00 0 
7f2468000000-7f2468039000 rw-p 00000000 00:00 0 
7f2468039000-7f246c000000 ---p 00000000 00:00 0 
7f246c000000-7f246c021000 rw-p 00000000 00:00 0 
7f246c021000-7f2470000000 ---p 00000000 00:00 0 
7f2470000000-7f2470026000 rw-p 00000000 00:00 0 
7f2470026000-7f2474000000 ---p 00000000 00:00 0 
7f2474000000-7f247405e000 rw-p 00000000 00:00 0 
7f247405e000-7f2478000000 ---p 00000000 00:00 0 
7f2478000000-7f2478033000 rw-p 00000000 00:00 0 
7f2478033000-7f247c000000 ---p 00000000 00:00 0 
7f247c000000-7f247c021000 rw-p 00000000 00:00 0 
7f247c021000-7f2480000000 ---p 00000000 00:00 0 
7f2480000000-7f2480021000 rw-p 00000000 00:00 0 
7f2480021000-7f2484000000 ---p 00000000 00:00 0 
7f2484000000-7f2484021000 rw-p 00000000 00:00 0 
7f2484021000-7f2488000000 ---p 00000000 00:00 0 
7f2488000000-7f2488021000 rw-p 00000000 00:00 0 
7f2488021000-7f248c000000 ---p 00000000 00:00 0 
7f248c000000-7f248c021000 rw-p 00000000 00:00 0 
7f248c021000-7f2490000000 ---p 00000000 00:00 0 
7f2490c00000-7f2490c40000 rw-p 00000000 00:00 0 
7f2490c40000-7f2490c90000 rw-p 00000000 00:00 0 
7f2490c90000-7f2491400000 ---p 00000000 00:00 0 
7f2491400000-7f2491c00000 rw-p 00000000 00:00 0 
7f2491c00000-7f2491f00000 rw-p 00000000 00:00 0 
7f2491f00000-7f2491fb0000 rw-p 00000000 00:00 0 
7f2491fb0000-7f2492000000 ---p 00000000 00:00 0 
7f2492000000-7f2492400000 rw-p 00000000 00:00 0 
7f24924b3000-7f249c000000 r--s 00000000 00:a98 4611686019135192581       /nix/store/gpxl5qgg8kicmcvivwmybwjlpf7wh20l-graalvm17-ce-22.3.0/lib/modules
7f249c000000-7f249c50c000 rw-p 00000000 00:00 0 
7f249c50c000-7f24a0000000 ---p 00000000 00:00 0 
7f24a0000000-7f24a0021000 rw-p 00000000 00:00 0 
7f24a0021000-7f24a4000000 ---p 00000000 00:00 0 
7f24a4000000-7f24a4172000 rw-p 00000000 00:00 0 
7f24a4172000-7f24a8000000 ---p 00000000 00:00 0 
7f24a8000000-7f24a8139000 rw-p 00000000 00:00 0 
7f24a8139000-7f24ac000000 ---p 00000000 00:00 0 
7f24ac000000-7f24ac021000 rw-p 00000000 00:00 0 
7f24ac021000-7f24b0000000 ---p 00000000 00:00 0 
7f24b0000000-7f24b0142000 rw-p 00000000 00:00 0 
7f24b0142000-7f24b4000000 ---p 00000000 00:00 0 
7f24b4000000-7f24b4046000 rw-p 00000000 00:00 0 
7f24b4046000-7f24b8000000 ---p 00000000 00:00 0 
7f24b8000000-7f24b8070000 rw-p 00000000 00:00 0 
7f24b8070000-7f24bc000000 ---p 00000000 00:00 0 
7f24bc000000-7f24bc021000 rw-p 00000000 00:00 0 
7f24bc021000-7f24c0000000 ---p 00000000 00:00 0 
7f24c0000000-7f24c0326000 rw-p 00000000 00:00 0 
7f24c0326000-7f24c4000000 ---p 00000000 00:00 0 
7f24c4000000-7f24c4021000 rw-p 00000000 00:00 0 
7f24c4021000-7f24c8000000 ---p 00000000 00:00 0 
7f24c8000000-7f24c8021000 rw-p 00000000 00:00 0 
7f24c8021000-7f24cc000000 ---p 00000000 00:00 0 
7f24cc000000-7f24cc026000 rw-p 00000000 00:00 0 
7f24cc026000-7f24d0000000 ---p 00000000 00:00 0 
7f24d0000000-7f24d08eb000 rw-p 00000000 00:00 0 
7f24d08eb000-7f24d4000000 ---p 00000000 00:00 0 
7f24d4600000-7f24d4700000 ---p 00000000 00:00 0 
7f24d4700000-7f24d4caf000 r--p 01122000 00:a98 4611686019135190040       /nix/store/gpxl5qgg8kicmcvivwmybwjlpf7wh20l-graalvm17-ce-22.3.0/lib/libjvmcicompiler.so
7f24d4caf000-7f24d4e00000 r--p 00000000 00:00 0 
7f24d4e00000-7f24d4e3d000 rw-p 00000000 00:00 0 
7f24d4e3d000-7f24d535d000 rw-p 0185f000 00:a98 4611686019135190040       /nix/store/gpxl5qgg8kicmcvivwmybwjlpf7wh20l-graalvm17-ce-22.3.0/lib/libjvmcicompiler.so
7f24d535d000-7f24d5744000 r--p 01d7f000 00:a98 4611686019135190040       /nix/store/gpxl5qgg8kicmcvivwmybwjlpf7wh20l-graalvm17-ce-22.3.0/lib/libjvmcicompiler.so
7f24d5800000-7f24d5f80000 rw-p 00000000 00:00 0 
7f24d5f80000-7f24d6000000 rw-p 00000000 00:00 0 
7f24d6000000-7f24d60c0000 rw-p 00000000 00:00 0 
7f24d60c0000-7f24d6100000 rw-p 00000000 00:00 0 
7f24d6100000-7f24d62e0000 rw-p 00000000 00:00 0 
7f24d62e0000-7f24d6300000 rw-p 00000000 00:00 0 
7f24d6300000-7f24d6500000 rw-p 00000000 00:00 0 
7f24d6500000-7f24d6600000 rw-p 00000000 00:00 0 
7f24d6600000-7f24d6700000 rw-p 00000000 00:00 0 
7f24d6700000-7f24d6800000 rw-p 00000000 00:00 0 
7f24d6800000-7f24d6900000 rw-p 00000000 00:00 0 
7f24d6900000-7f24d6a00000 rw-p 00000000 00:00 0 
7f24d6a00000-7f24d6fc0000 rw-p 00000000 00:00 0 
7f24d6fc0000-7f24d7000000 rw-p 00000000 00:00 0 
7f24d7000000-7f24d7100000 rw-p 00000000 00:00 0 
7f24d7100000-7f24d7200000 rw-p 00000000 00:00 0 
7f24d7200000-7f24d7800000 rw-p 00000000 00:00 0 
7f24d7a00000-7f24d7a10000 r-xp 00000000 00:a95 360                       /home/runner/.cache/jdt-language-server/config/org.eclipse.equinox.launcher/org.eclipse.equinox.launcher.gtk.linux.x86_64_1.2.400.v20211117-0650/eclipse_11600.so
7f24d7a10000-7f24d7c0f000 ---p 00010000 00:a95 360                       /home/runner/.cache/jdt-language-server/config/org.eclipse.equinox.launcher/org.eclipse.equinox.launcher.gtk.linux.x86_64_1.2.400.v20211117-0650/eclipse_11600.so
7f24d7c0f000-7f24d7c10000 r--p 0000f000 00:a95 360                       /home/runner/.cache/jdt-language-server/config/org.eclipse.equinox.launcher/org.eclipse.equinox.launcher.gtk.linux.x86_64_1.2.400.v20211117-0650/eclipse_11600.so
7f24d7c10000-7f24d7c11000 rw-p 00010000 00:a95 360                       /home/runner/.cache/jdt-language-server/config/org.eclipse.equinox.launcher/org.eclipse.equinox.launcher.gtk.linux.x86_64_1.2.400.v20211117-0650/eclipse_11600.so
7f24d8000000-7f24d8021000 rw-p 00000000 00:00 0 
7f24d8021000-7f24dc000000 ---p 00000000 00:00 0 
7f24dc000000-7f24dc021000 rw-p 00000000 00:00 0 
7f24dc021000-7f24e0000000 ---p 00000000 00:00 0 
7f24e0000000-7f24e0075000 rw-p 00000000 00:00 0 
7f24e0075000-7f24e4000000 ---p 00000000 00:00 0 
7f24e4f00000-7f24e4f04000 ---p 00000000 00:00 0 
7f24e4f04000-7f24e5000000 rw-p 00000000 00:00 0 
7f24e5100000-7f24e5104000 ---p 00000000 00:00 0 
7f24e5104000-7f24e5200000 rw-p 00000000 00:00 0 
7f24e5300000-7f24e5304000 ---p 00000000 00:00 0 
7f24e5304000-7f24e5400000 rw-p 00000000 00:00 0 
7f24e5500000-7f24e5504000 ---p 00000000 00:00 0 
7f24e5504000-7f24e5600000 rw-p 00000000 00:00 0 
7f24e5700000-7f24e5704000 ---p 00000000 00:00 0 
7f24e5704000-7f24e5800000 rw-p 00000000 00:00 0 
7f24e5900000-7f24e5904000 ---p 00000000 00:00 0 
7f24e5904000-7f24e5a00000 rw-p 00000000 00:00 0 
7f24e5b00000-7f24e5b04000 ---p 00000000 00:00 0 
7f24e5b04000-7f24e5c00000 rw-p 00000000 00:00 0 
7f24e5d00000-7f24e5d04000 ---p 00000000 00:00 0 
7f24e5d04000-7f24e5e00000 rw-p 00000000 00:00 0 
7f24e5f00000-7f24e5f04000 ---p 00000000 00:00 0 
7f24e5f04000-7f24e6000000 rw-p 00000000 00:00 0 
7f24e6100000-7f24e6104000 ---p 00000000 00:00 0 
7f24e6104000-7f24e6200000 rw-p 00000000 00:00 0 
7f24e6300000-7f24e6304000 ---p 00000000 00:00 0 
7f24e6304000-7f24e6400000 rw-p 00000000 00:00 0 
7f24e6400000-7f24e6404000 ---p 00000000 00:00 0 
7f24e6404000-7f24e6500000 rw-p 00000000 00:00 0 
7f24e6500000-7f24e6504000 ---p 00000000 00:00 0 
7f24e6504000-7f24e6600000 rw-p 00000000 00:00 0 
7f24e6600000-7f24e6604000 ---p 00000000 00:00 0 
7f24e6604000-7f24e6700000 rw-p 00000000 00:00 0 
7f24e6700000-7f24e6704000 ---p 00000000 00:00 0 
7f24e6704000-7f24e6800000 rw-p 00000000 00:00 0 
7f24e6900000-7f24e6904000 ---p 00000000 00:00 0 
7f24e6904000-7f24e6a00000 rw-p 00000000 00:00 0 
7f24e6a00000-7f24e6a04000 ---p 00000000 00:00 0 
7f24e6a04000-7f24e6b00000 rw-p 00000000 00:00 0 
7f24e6b00000-7f24e6b04000 ---p 00000000 00:00 0 
7f24e6b04000-7f24e6c00000 rw-p 00000000 00:00 0 
7f24e6c00000-7f24e6c04000 ---p 00000000 00:00 0 
7f24e6c04000-7f24e6d00000 rw-p 00000000 00:00 0 
7f24e6d00000-7f24e6d04000 ---p 00000000 00:00 0 
7f24e6d04000-7f24e6e00000 rw-p 00000000 00:00 0 
7f24e7a68000-7f24e7f00000 rw-p 00000000 00:00 0 
7f24e8000000-7f24e8021000 rw-p 00000000 00:00 0 
7f24e8021000-7f24ec000000 ---p 00000000 00:00 0 
7f24ec000000-7f24ec021000 rw-p 00000000 00:00 0 
7f24ec021000-7f24f0000000 ---p 00000000 00:00 0 
7f24f0000000-7f24f0021000 rw-p 00000000 00:00 0 
7f24f0021000-7f24f4000000 ---p 00000000 00:00 0 
7f24f4000000-7f24f4021000 rw-p 00000000 00:00 0 
7f24f4021000-7f24f8000000 ---p 00000000 00:00 0 
7f24f8000000-7f24f80f2000 rw-p 00000000 00:00 0 
7f24f80f2000-7f24fc000000 ---p 00000000 00:00 0 
7f24fc000000-7f24fcc27000 rw-p 00000000 00:00 0 
7f24fcc27000-7f2500000000 ---p 00000000 00:00 0 
7f2500000000-7f2500021000 rw-p 00000000 00:00 0 
7f2500021000-7f2504000000 ---p 00000000 00:00 0 
7f2504000000-7f2504021000 rw-p 00000000 00:00 0 
7f2504021000-7f2508000000 ---p 00000000 00:00 0 
7f2508000000-7f2508021000 rw-p 00000000 00:00 0 
7f2508021000-7f250c000000 ---p 00000000 00:00 0 
7f250c000000-7f250c021000 rw-p 00000000 00:00 0 
7f250c021000-7f2510000000 ---p 00000000 00:00 0 
7f2510000000-7f2510021000 rw-p 00000000 00:00 0 
7f2510021000-7f2514000000 ---p 00000000 00:00 0 
7f2514000000-7f2514021000 rw-p 00000000 00:00 0 
7f2514021000-7f2518000000 ---p 00000000 00:00 0 
7f2518000000-7f251811c000 rw-p 00000000 00:00 0 
7f251811c000-7f251c004000 ---p 00000000 00:00 0 
7f251c004000-7f251c100000 rw-p 00000000 00:00 0 
7f251c100000-7f251c104000 ---p 00000000 00:00 0 
7f251c104000-7f251c200000 rw-p 00000000 00:00 0 
7f251c200000-7f251c204000 ---p 00000000 00:00 0 
7f251c204000-7f251c300000 rw-p 00000000 00:00 0 
7f251c300000-7f251c304000 ---p 00000000 00:00 0 
7f251c304000-7f251c400000 rw-p 00000000 00:00 0 
7f251c500000-7f251c504000 ---p 00000000 00:00 0 
7f251c504000-7f251c600000 rw-p 00000000 00:00 0 
7f251c600000-7f251c604000 ---p 00000000 00:00 0 
7f251c604000-7f251c700000 rw-p 00000000 00:00 0 
7f251c700000-7f251c704000 ---p 00000000 00:00 0 
7f251c704000-7f251c800000 rw-p 00000000 00:00 0 
7f251c800000-7f251c804000 ---p 00000000 00:00 0 
7f251c804000-7f251c900000 rw-p 00000000 00:00 0 
7f251c900000-7f251c904000 ---p 00000000 00:00 0 
7f251c904000-7f251ca00000 rw-p 00000000 00:00 0 
7f251ca00000-7f251ca04000 ---p 00000000 00:00 0 
7f251ca04000-7f251cb00000 rw-p 00000000 00:00 0 
7f251cb00000-7f251cb04000 ---p 00000000 00:00 0 
7f251cb04000-7f251cc00000 rw-p 00000000 00:00 0 
7f251cd00000-7f251cd04000 ---p 00000000 00:00 0 
7f251cd04000-7f251ce00000 rw-p 00000000 00:00 0 
7f251cf00000-7f251cf04000 ---p 00000000 00:00 0 
7f251cf04000-7f251d000000 rw-p 00000000 00:00 0 
7f251d000000-7f251f16a000 r-xp 00000000 00:a98 4611686019135190040       /nix/store/gpxl5qgg8kicmcvivwmybwjlpf7wh20l-graalvm17-ce-22.3.0/lib/libjvmcicompiler.so
7f251f16a000-7f251f369000 ---p 0216a000 00:a98 4611686019135190040       /nix/store/gpxl5qgg8kicmcvivwmybwjlpf7wh20l-graalvm17-ce-22.3.0/lib/libjvmcicompiler.so
7f251f369000-7f251f36a000 r--p 02169000 00:a98 4611686019135190040       /nix/store/gpxl5qgg8kicmcvivwmybwjlpf7wh20l-graalvm17-ce-22.3.0/lib/libjvmcicompiler.so
7f251f36a000-7f251f36c000 rw-p 0216a000 00:a98 4611686019135190040       /nix/store/gpxl5qgg8kicmcvivwmybwjlpf7wh20l-graalvm17-ce-22.3.0/lib/libjvmcicompiler.so
7f251f36c000-7f251f36d000 rw-p 00000000 00:00 0 
7f251f36d000-7f251f372000 rw-p 023c3000 00:a98 4611686019135190040       /nix/store/gpxl5qgg8kicmcvivwmybwjlpf7wh20l-graalvm17-ce-22.3.0/lib/libjvmcicompiler.so
7f251f3b3000-7f251f3b7000 ---p 00000000 00:00 0 
7f251f3b7000-7f251f4b3000 rw-p 00000000 00:00 0 
7f251f4b3000-7f251f723000 rwxp 00000000 00:00 0 
7f251f723000-7f251fa42000 ---p 00000000 00:00 0 
7f251fa42000-7f2520d62000 rwxp 00000000 00:00 0 
7f2520d62000-7f2526f7a000 ---p 00000000 00:00 0 
7f2526f7a000-7f252721a000 rwxp 00000000 00:00 0 
7f252721a000-7f252e4b3000 ---p 00000000 00:00 0 
7f252e4b3000-7f2538000000 r--s 00000000 00:a98 4611686019135192581       /nix/store/gpxl5qgg8kicmcvivwmybwjlpf7wh20l-graalvm17-ce-22.3.0/lib/modules
7f2538000000-7f2538611000 rw-p 00000000 00:00 0 
7f2538611000-7f253c000000 ---p 00000000 00:00 0 
7f253c000000-7f253c004000 ---p 00000000 00:00 0 
7f253c004000-7f253c100000 rw-p 00000000 00:00 0 
7f253c100000-7f253c104000 ---p 00000000 00:00 0 
7f253c104000-7f253c200000 rw-p 00000000 00:00 0 
7f253c200000-7f253c204000 ---p 00000000 00:00 0 
7f253c204000-7f253c300000 rw-p 00000000 00:00 0 
7f253c418000-7f253c419000 ---p 00000000 00:00 0 
7f253c419000-7f253c51a000 rw-p 00000000 00:00 0 
7f253c51a000-7f253c51e000 ---p 00000000 00:00 0 
7f253c51e000-7f253c61a000 rw-p 00000000 00:00 0 
7f253c61a000-7f253c61e000 ---p 00000000 00:00 0 
7f253c61e000-7f253c71a000 rw-p 00000000 00:00 0 
7f253c71a000-7f253c71e000 ---p 00000000 00:00 0 
7f253c71e000-7f253c81a000 rw-p 00000000 00:00 0 
7f253c81a000-7f253c81e000 ---p 00000000 00:00 0 
7f253c81e000-7f253ca1a000 rw-p 00000000 00:00 0 
7f253ca1a000-7f253ca1e000 ---p 00000000 00:00 0 
7f253ca1e000-7f253cc1a000 rw-p 00000000 00:00 0 
7f253cc1a000-7f253cc1e000 ---p 00000000 00:00 0 
7f253cc1e000-7f253cd1a000 rw-p 00000000 00:00 0 
7f253cd1a000-7f253cd1e000 ---p 00000000 00:00 0 
7f253cd1e000-7f253ce1a000 rw-p 00000000 00:00 0 
7f253ce1a000-7f253ce1e000 ---p 00000000 00:00 0 
7f253ce1e000-7f253cf1a000 rw-p 00000000 00:00 0 
7f253cf1a000-7f253d200000 r--p 00000000 00:2ed 28444448                  /usr/lib/locale/locale-archive
7f253d200000-7f253d204000 ---p 00000000 00:00 0 
7f253d204000-7f253d300000 rw-p 00000000 00:00 0 
7f253d300000-7f253d304000 ---p 00000000 00:00 0 
7f253d304000-7f253d800000 rw-p 00000000 00:00 0 
7f253d800000-7f253db00000 rw-p 00000000 00:00 0 
7f253db00000-7f253dc00000 rw-p 00000000 00:00 0 
7f253dc0a000-7f253dc0c000 r-xp 00000000 00:a98 4611686019135190017       /nix/store/gpxl5qgg8kicmcvivwmybwjlpf7wh20l-graalvm17-ce-22.3.0/lib/libextnet.so
7f253dc0c000-7f253dc0d000 r--p 00001000 00:a98 4611686019135190017       /nix/store/gpxl5qgg8kicmcvivwmybwjlpf7wh20l-graalvm17-ce-22.3.0/lib/libextnet.so
7f253dc0d000-7f253dc0e000 rw-p 00002000 00:a98 4611686019135190017       /nix/store/gpxl5qgg8kicmcvivwmybwjlpf7wh20l-graalvm17-ce-22.3.0/lib/libextnet.so
7f253dc0e000-7f253dc0f000 rw-p 00004000 00:a98 4611686019135190017       /nix/store/gpxl5qgg8kicmcvivwmybwjlpf7wh20l-graalvm17-ce-22.3.0/lib/libextnet.so
7f253dc0f000-7f253dc13000 ---p 00000000 00:00 0 
7f253dc13000-7f253dc31000 rw-p 00000000 00:00 0 
7f253dc31000-7f253dc38000 r-xp 00000000 00:a98 4611686019135192580       /nix/store/gpxl5qgg8kicmcvivwmybwjlpf7wh20l-graalvm17-ce-22.3.0/lib/libzip.so
7f253dc38000-7f253dc39000 ---p 00007000 00:a98 4611686019135192580       /nix/store/gpxl5qgg8kicmcvivwmybwjlpf7wh20l-graalvm17-ce-22.3.0/lib/libzip.so
7f253dc39000-7f253dc3a000 r--p 00007000 00:a98 4611686019135192580       /nix/store/gpxl5qgg8kicmcvivwmybwjlpf7wh20l-graalvm17-ce-22.3.0/lib/libzip.so
7f253dc3a000-7f253dc3b000 rw-p 00008000 00:a98 4611686019135192580       /nix/store/gpxl5qgg8kicmcvivwmybwjlpf7wh20l-graalvm17-ce-22.3.0/lib/libzip.so
7f253dc3b000-7f253dc3d000 rw-p 0000b000 00:a98 4611686019135192580       /nix/store/gpxl5qgg8kicmcvivwmybwjlpf7wh20l-graalvm17-ce-22.3.0/lib/libzip.so
7f253dc3d000-7f253dc52000 r-xp 00000000 00:a98 4611686019135192570       /nix/store/gpxl5qgg8kicmcvivwmybwjlpf7wh20l-graalvm17-ce-22.3.0/lib/libnet.so
7f253dc52000-7f253dc53000 ---p 00015000 00:a98 4611686019135192570       /nix/store/gpxl5qgg8kicmcvivwmybwjlpf7wh20l-graalvm17-ce-22.3.0/lib/libnet.so
7f253dc53000-7f253dc54000 r--p 00015000 00:a98 4611686019135192570       /nix/store/gpxl5qgg8kicmcvivwmybwjlpf7wh20l-graalvm17-ce-22.3.0/lib/libnet.so
7f253dc54000-7f253dc55000 rw-p 00016000 00:a98 4611686019135192570       /nix/store/gpxl5qgg8kicmcvivwmybwjlpf7wh20l-graalvm17-ce-22.3.0/lib/libnet.so
7f253dc55000-7f253dc58000 rw-p 0001b000 00:a98 4611686019135192570       /nix/store/gpxl5qgg8kicmcvivwmybwjlpf7wh20l-graalvm17-ce-22.3.0/lib/libnet.so
7f253dc58000-7f253dc6b000 r-xp 00000000 00:a98 4611686019135192571       /nix/store/gpxl5qgg8kicmcvivwmybwjlpf7wh20l-graalvm17-ce-22.3.0/lib/libnio.so
7f253dc6b000-7f253dc6c000 r--p 00012000 00:a98 4611686019135192571       /nix/store/gpxl5qgg8kicmcvivwmybwjlpf7wh20l-graalvm17-ce-22.3.0/lib/libnio.so
7f253dc6c000-7f253dc6d000 rw-p 00013000 00:a98 4611686019135192571       /nix/store/gpxl5qgg8kicmcvivwmybwjlpf7wh20l-graalvm17-ce-22.3.0/lib/libnio.so
7f253dc6d000-7f253dc72000 rw-p 00019000 00:a98 4611686019135192571       /nix/store/gpxl5qgg8kicmcvivwmybwjlpf7wh20l-graalvm17-ce-22.3.0/lib/libnio.so
7f253dc72000-7f253dc73000 ---p 00000000 00:00 0 
7f253dc73000-7f253dd74000 rw-p 00000000 00:00 0 
7f253dd74000-7f253de42000 r-xp 00000000 00:a98 4611686019135190036       /nix/store/gpxl5qgg8kicmcvivwmybwjlpf7wh20l-graalvm17-ce-22.3.0/lib/libjsvml.so
7f253de42000-7f253de43000 r--p 000cd000 00:a98 4611686019135190036       /nix/store/gpxl5qgg8kicmcvivwmybwjlpf7wh20l-graalvm17-ce-22.3.0/lib/libjsvml.so
7f253de43000-7f253de44000 rw-p 000ce000 00:a98 4611686019135190036       /nix/store/gpxl5qgg8kicmcvivwmybwjlpf7wh20l-graalvm17-ce-22.3.0/lib/libjsvml.so
7f253de44000-7f253f71c000 rw-p 00000000 00:00 0 
7f253f71c000-7f253f71d000 ---p 00000000 00:00 0 
7f253f71d000-7f253f8c8000 rw-p 00000000 00:00 0 
7f253f8c8000-7f253f8e1000 rw-p 00000000 00:00 0 
7f253f8e1000-7f253f91e000 ---p 00000000 00:00 0 
7f253f91e000-7f253f925000 rw-p 00000000 00:00 0 
7f253f925000-7f253fa0a000 ---p 00000000 00:00 0 
7f253fa0a000-7f253fa31000 rw-p 00000000 00:00 0 
7f253fa31000-7f253faf5000 ---p 00000000 00:00 0 
7f253faf5000-7f253fafa000 rw-p 00000000 00:00 0 
7f253fafa000-7f253fb01000 ---p 00000000 00:00 0 
7f253fb01000-7f253fb25000 r-xp 00000000 00:a98 4611686019135190028       /nix/store/gpxl5qgg8kicmcvivwmybwjlpf7wh20l-graalvm17-ce-22.3.0/lib/libjava.so
7f253fb25000-7f253fb26000 ---p 00024000 00:a98 4611686019135190028       /nix/store/gpxl5qgg8kicmcvivwmybwjlpf7wh20l-graalvm17-ce-22.3.0/lib/libjava.so
7f253fb26000-7f253fb27000 r--p 00024000 00:a98 4611686019135190028       /nix/store/gpxl5qgg8kicmcvivwmybwjlpf7wh20l-graalvm17-ce-22.3.0/lib/libjava.so
7f253fb27000-7f253fb28000 rw-p 00025000 00:a98 4611686019135190028       /nix/store/gpxl5qgg8kicmcvivwmybwjlpf7wh20l-graalvm17-ce-22.3.0/lib/libjava.so
7f253fb28000-7f253fb29000 rw-p 00000000 00:00 0 
7f253fb29000-7f253fb30000 rw-p 0002f000 00:a98 4611686019135190028       /nix/store/gpxl5qgg8kicmcvivwmybwjlpf7wh20l-graalvm17-ce-22.3.0/lib/libjava.so
7f253fb30000-7f253fb38000 rw-s 00000000 00:282 355                       /tmp/hsperfdata_runner/42
7f253fb38000-7f253fb39000 ---p 00000000 00:00 0 
7f253fb39000-7f253fb3a000 r--p 00000000 00:00 0 
7f253fb3a000-7f253fb3b000 rwxp 00000000 00:00 0 
7f253fb3b000-7f253fb56000 r-xp 00000000 00:a98 4611686019135190032       /nix/store/gpxl5qgg8kicmcvivwmybwjlpf7wh20l-graalvm17-ce-22.3.0/lib/libjimage.so
7f253fb56000-7f253fb57000 ---p 0001b000 00:a98 4611686019135190032       /nix/store/gpxl5qgg8kicmcvivwmybwjlpf7wh20l-graalvm17-ce-22.3.0/lib/libjimage.so
7f253fb57000-7f253fb59000 r--p 0001b000 00:a98 4611686019135190032       /nix/store/gpxl5qgg8kicmcvivwmybwjlpf7wh20l-graalvm17-ce-22.3.0/lib/libjimage.so
7f253fb59000-7f253fb5a000 rw-p 0001d000 00:a98 4611686019135190032       /nix/store/gpxl5qgg8kicmcvivwmybwjlpf7wh20l-graalvm17-ce-22.3.0/lib/libjimage.so
7f253fb5a000-7f253fb5b000 rw-p 00024000 00:a98 4611686019135190032       /nix/store/gpxl5qgg8kicmcvivwmybwjlpf7wh20l-graalvm17-ce-22.3.0/lib/libjimage.so
7f253fb5b000-7f253fb5f000 ---p 00000000 00:00 0 
7f253fb5f000-7f253fc5b000 rw-p 00000000 00:00 0 
7f253fc5b000-7f253fc69000 r--p 00000000 00:a98 4611686019027979927       /nix/store/4nlgxhb09sdr51nc9hdm8az5b08vzkgx-glibc-2.35-163/lib/libm.so.6
7f253fc69000-7f253fcdc000 r-xp 0000e000 00:a98 4611686019027979927       /nix/store/4nlgxhb09sdr51nc9hdm8az5b08vzkgx-glibc-2.35-163/lib/libm.so.6
7f253fcdc000-7f253fd39000 r--p 00081000 00:a98 4611686019027979927       /nix/store/4nlgxhb09sdr51nc9hdm8az5b08vzkgx-glibc-2.35-163/lib/libm.so.6
7f253fd39000-7f253fd3a000 r--p 000dd000 00:a98 4611686019027979927       /nix/store/4nlgxhb09sdr51nc9hdm8az5b08vzkgx-glibc-2.35-163/lib/libm.so.6
7f253fd3a000-7f253fd3b000 rw-p 000de000 00:a98 4611686019027979927       /nix/store/4nlgxhb09sdr51nc9hdm8az5b08vzkgx-glibc-2.35-163/lib/libm.so.6
7f253fd3b000-7f253fd3c000 r--p 00000000 00:a98 4611686019027979946       /nix/store/4nlgxhb09sdr51nc9hdm8az5b08vzkgx-glibc-2.35-163/lib/librt.so.1
7f253fd3c000-7f253fd3d000 r-xp 00001000 00:a98 4611686019027979946       /nix/store/4nlgxhb09sdr51nc9hdm8az5b08vzkgx-glibc-2.35-163/lib/librt.so.1
7f253fd3d000-7f253fd3e000 r--p 00002000 00:a98 4611686019027979946       /nix/store/4nlgxhb09sdr51nc9hdm8az5b08vzkgx-glibc-2.35-163/lib/librt.so.1
7f253fd3e000-7f253fd3f000 r--p 00002000 00:a98 4611686019027979946       /nix/store/4nlgxhb09sdr51nc9hdm8az5b08vzkgx-glibc-2.35-163/lib/librt.so.1
7f253fd3f000-7f253fd40000 rw-p 00003000 00:a98 4611686019027979946       /nix/store/4nlgxhb09sdr51nc9hdm8az5b08vzkgx-glibc-2.35-163/lib/librt.so.1
7f253fd40000-7f2540e53000 r-xp 00000000 00:a98 4611686019135360866       /nix/store/gpxl5qgg8kicmcvivwmybwjlpf7wh20l-graalvm17-ce-22.3.0/lib/server/libjvm.so
7f2540e53000-7f2540e54000 ---p 01113000 00:a98 4611686019135360866       /nix/store/gpxl5qgg8kicmcvivwmybwjlpf7wh20l-graalvm17-ce-22.3.0/lib/server/libjvm.so
7f2540e54000-7f2540f09000 r--p 01113000 00:a98 4611686019135360866       /nix/store/gpxl5qgg8kicmcvivwmybwjlpf7wh20l-graalvm17-ce-22.3.0/lib/server/libjvm.so
7f2540f09000-7f2540f3d000 rw-p 011c8000 00:a98 4611686019135360866       /nix/store/gpxl5qgg8kicmcvivwmybwjlpf7wh20l-graalvm17-ce-22.3.0/lib/server/libjvm.so
7f2540f3d000-7f2540f99000 rw-p 00000000 00:00 0 
7f2540f99000-7f2540fc1000 r--p 00000000 00:a98 4611686019027979918       /nix/store/4nlgxhb09sdr51nc9hdm8az5b08vzkgx-glibc-2.35-163/lib/libc.so.6
7f2540fc1000-7f2541137000 r-xp 00028000 00:a98 4611686019027979918       /nix/store/4nlgxhb09sdr51nc9hdm8az5b08vzkgx-glibc-2.35-163/lib/libc.so.6
7f2541137000-7f254118f000 r--p 0019e000 00:a98 4611686019027979918       /nix/store/4nlgxhb09sdr51nc9hdm8az5b08vzkgx-glibc-2.35-163/lib/libc.so.6
7f254118f000-7f2541193000 r--p 001f6000 00:a98 4611686019027979918       /nix/store/4nlgxhb09sdr51nc9hdm8az5b08vzkgx-glibc-2.35-163/lib/libc.so.6
7f2541193000-7f2541195000 rw-p 001fa000 00:a98 4611686019027979918       /nix/store/4nlgxhb09sdr51nc9hdm8az5b08vzkgx-glibc-2.35-163/lib/libc.so.6
7f2541195000-7f25411a4000 rw-p 00000000 00:00 0 
7f25411a4000-7f25411a5000 r--p 00000000 00:a98 4611686019027979923       /nix/store/4nlgxhb09sdr51nc9hdm8az5b08vzkgx-glibc-2.35-163/lib/libdl.so.2
7f25411a5000-7f25411a6000 r-xp 00001000 00:a98 4611686019027979923       /nix/store/4nlgxhb09sdr51nc9hdm8az5b08vzkgx-glibc-2.35-163/lib/libdl.so.2
7f25411a6000-7f25411a7000 r--p 00002000 00:a98 4611686019027979923       /nix/store/4nlgxhb09sdr51nc9hdm8az5b08vzkgx-glibc-2.35-163/lib/libdl.so.2
7f25411a7000-7f25411a8000 r--p 00002000 00:a98 4611686019027979923       /nix/store/4nlgxhb09sdr51nc9hdm8az5b08vzkgx-glibc-2.35-163/lib/libdl.so.2
7f25411a8000-7f25411a9000 rw-p 00003000 00:a98 4611686019027979923       /nix/store/4nlgxhb09sdr51nc9hdm8az5b08vzkgx-glibc-2.35-163/lib/libdl.so.2
7f25411a9000-7f25411aa000 r--p 00000000 00:a98 4611686019027979942       /nix/store/4nlgxhb09sdr51nc9hdm8az5b08vzkgx-glibc-2.35-163/lib/libpthread.so.0
7f25411aa000-7f25411ab000 r-xp 00001000 00:a98 4611686019027979942       /nix/store/4nlgxhb09sdr51nc9hdm8az5b08vzkgx-glibc-2.35-163/lib/libpthread.so.0
7f25411ab000-7f25411ac000 r--p 00002000 00:a98 4611686019027979942       /nix/store/4nlgxhb09sdr51nc9hdm8az5b08vzkgx-glibc-2.35-163/lib/libpthread.so.0
7f25411ac000-7f25411ad000 r--p 00002000 00:a98 4611686019027979942       /nix/store/4nlgxhb09sdr51nc9hdm8az5b08vzkgx-glibc-2.35-163/lib/libpthread.so.0
7f25411ad000-7f25411ae000 rw-p 00003000 00:a98 4611686019027979942       /nix/store/4nlgxhb09sdr51nc9hdm8az5b08vzkgx-glibc-2.35-163/lib/libpthread.so.0
7f25411ae000-7f25411bc000 r-xp 00000000 00:a98 4611686019135190033       /nix/store/gpxl5qgg8kicmcvivwmybwjlpf7wh20l-graalvm17-ce-22.3.0/lib/libjli.so
7f25411bc000-7f25411bd000 ---p 0000e000 00:a98 4611686019135190033       /nix/store/gpxl5qgg8kicmcvivwmybwjlpf7wh20l-graalvm17-ce-22.3.0/lib/libjli.so
7f25411bd000-7f25411be000 r--p 0000e000 00:a98 4611686019135190033       /nix/store/gpxl5qgg8kicmcvivwmybwjlpf7wh20l-graalvm17-ce-22.3.0/lib/libjli.so
7f25411be000-7f25411bf000 rw-p 0000f000 00:a98 4611686019135190033       /nix/store/gpxl5qgg8kicmcvivwmybwjlpf7wh20l-graalvm17-ce-22.3.0/lib/libjli.so
7f25411bf000-7f25411c0000 rw-p 00012000 00:a98 4611686019135190033       /nix/store/gpxl5qgg8kicmcvivwmybwjlpf7wh20l-graalvm17-ce-22.3.0/lib/libjli.so
7f25411c0000-7f25411c3000 r--p 00000000 00:a98 4611686019106210071       /nix/store/026hln0aq1hyshaxsdvhg0kmcm6yf45r-zlib-1.2.13/lib/libz.so.1.2.13
7f25411c3000-7f25411d5000 r-xp 00003000 00:a98 4611686019106210071       /nix/store/026hln0aq1hyshaxsdvhg0kmcm6yf45r-zlib-1.2.13/lib/libz.so.1.2.13
7f25411d5000-7f25411dc000 r--p 00015000 00:a98 4611686019106210071       /nix/store/026hln0aq1hyshaxsdvhg0kmcm6yf45r-zlib-1.2.13/lib/libz.so.1.2.13
7f25411dc000-7f25411dd000 r--p 0001b000 00:a98 4611686019106210071       /nix/store/026hln0aq1hyshaxsdvhg0kmcm6yf45r-zlib-1.2.13/lib/libz.so.1.2.13
7f25411dd000-7f25411de000 rw-p 0001c000 00:a98 4611686019106210071       /nix/store/026hln0aq1hyshaxsdvhg0kmcm6yf45r-zlib-1.2.13/lib/libz.so.1.2.13
7f25411de000-7f25411e0000 rw-p 00000000 00:00 0 
7f25411e0000-7f25411e2000 r--p 00000000 00:a98 4611686019027979912       /nix/store/4nlgxhb09sdr51nc9hdm8az5b08vzkgx-glibc-2.35-163/lib/ld-linux-x86-64.so.2
7f25411e2000-7f2541209000 r-xp 00002000 00:a98 4611686019027979912       /nix/store/4nlgxhb09sdr51nc9hdm8az5b08vzkgx-glibc-2.35-163/lib/ld-linux-x86-64.so.2
7f2541209000-7f2541215000 r--p 00029000 00:a98 4611686019027979912       /nix/store/4nlgxhb09sdr51nc9hdm8az5b08vzkgx-glibc-2.35-163/lib/ld-linux-x86-64.so.2
7f2541215000-7f2541217000 r--p 00034000 00:a98 4611686019027979912       /nix/store/4nlgxhb09sdr51nc9hdm8az5b08vzkgx-glibc-2.35-163/lib/ld-linux-x86-64.so.2
7f2541217000-7f2541219000 rw-p 00036000 00:a98 4611686019027979912       /nix/store/4nlgxhb09sdr51nc9hdm8az5b08vzkgx-glibc-2.35-163/lib/ld-linux-x86-64.so.2
7ffe29e87000-7ffe29eab000 rw-p 00000000 00:00 0                          [stack]
7ffe29f3a000-7ffe29f3e000 r--p 00000000 00:00 0                          [vvar]
7ffe29f3e000-7ffe29f40000 r-xp 00000000 00:00 0                          [vdso]
ffffffffff600000-ffffffffff601000 --xp 00000000 00:00 0                  [vsyscall]


VM Arguments:
jvm_args: -XX:ThreadPriorityPolicy=1 -XX:+UnlockExperimentalVMOptions -XX:+EnableJVMCIProduct -XX:JVMCIThreadsPerNativeLibraryRuntime=1 -XX:-UnlockExperimentalVMOptions -Declipse.application=org.eclipse.jdt.ls.core.id1 -Dosgi.bundles.defaultStartLevel=4 -Declipse.product=org.eclipse.jdt.ls.core.product -Dlog.level=ALL -Xverify:none -XX:+UseParallelGC -XX:GCTimeRatio=4 -XX:AdaptiveSizePolicyWeight=90 -Dsun.zip.disableMemoryMapping=true -Xmx512m -Xms100m 
java_command: /nix/store/m6gcpi1ii6rghy04cjwjddcavv7i90df-jdt-language-server-1.9.0/share/java/plugins/org.eclipse.equinox.launcher_1.6.400.v20210924-0641.jar --add-modules=ALL-SYSTEM --add-opens java.base/java.util=ALL-UNNAMED --add-opens java.base/java.lang=ALL-UNNAMED -configuration /home/runner/.cache/jdt-language-server/config -data /home/runner/.cache/jdt-language-server/data/home/runner/CSAAllUnits
java_class_path (initial): /nix/store/m6gcpi1ii6rghy04cjwjddcavv7i90df-jdt-language-server-1.9.0/share/java/plugins/org.eclipse.equinox.launcher_1.6.400.v20210924-0641.jar
Launcher Type: SUN_STANDARD

[Global flags]
    uintx AdaptiveSizePolicyWeight                 = 90                                        {product} {command line}
     intx CICompilerCount                          = 2                                         {product} {ergonomic}
     bool EnableJVMCIProduct                       = true                                {JVMCI product} {jimage}
    uintx GCTimeRatio                              = 4                                         {product} {command line}
   size_t InitialHeapSize                          = 104857600                                 {product} {command line}
     uint JVMCIThreadsPerNativeLibraryRuntime      = 1                                   {JVMCI product} {jimage}
   size_t MaxHeapSize                              = 536870912                                 {product} {command line}
   size_t MaxNewSize                               = 178782208                                 {product} {ergonomic}
   size_t MinHeapDeltaBytes                        = 524288                                    {product} {ergonomic}
   size_t MinHeapSize                              = 104857600                                 {product} {command line}
   size_t NewSize                                  = 34603008                                  {product} {ergonomic}
    uintx NonNMethodCodeHeapSize                   = 5826188                                {pd product} {ergonomic}
    uintx NonProfiledCodeHeapSize                  = 122916026                              {pd product} {ergonomic}
   size_t OldSize                                  = 70254592                                  {product} {ergonomic}
    uintx ProfiledCodeHeapSize                     = 122916026                              {pd product} {ergonomic}
    uintx ReservedCodeCacheSize                    = 251658240                              {pd product} {ergonomic}
     bool SegmentedCodeCache                       = true                                      {product} {ergonomic}
   size_t SoftMaxHeapSize                          = 536870912                              {manageable} {ergonomic}
     intx ThreadPriorityPolicy                     = 1                                         {product} {jimage}
     bool UseCompressedClassPointers               = true                           {product lp64_product} {ergonomic}
     bool UseCompressedOops                        = true                           {product lp64_product} {ergonomic}
     bool UseParallelGC                            = true                                      {product} {command line}

Logging:
Log output configuration:
 #0: stdout all=warning uptime,level,tags
 #1: stderr all=off uptime,level,tags

Environment Variables:
JAVA_HOME=/nix/store/gpxl5qgg8kicmcvivwmybwjlpf7wh20l-graalvm17-ce-22.3.0
PATH=/nix/store/1d6ian3r8kdzspw8hacjhl3xkp40g1lj-binutils-wrapper-2.39/bin:/nix/store/dq0xwmsk1g0i2ayg6pb7y87na2knzylh-gcc-wrapper-11.3.0/bin:/nix/store/bap4d0lpcrhpwmpb8ayjcgkmvfj62lnq-bash-interactive-5.1-p16/bin:/nix/store/pr5n59mb4jzmfx6kanwxly0l07p861fg-patchelf-0.15.0/bin:/nix/store/1gf2flfqnpqbr1b4p4qz2f72y42bs56r-gcc-11.3.0/bin:/nix/store/57xv61c5zi8pphjbcwxxjlgc34p61ic9-glibc-2.35-163-bin/bin:/nix/store/a7gvj343m05j2s32xcnwr35v31ynlypr-coreutils-9.1/bin:/nix/store/039g378vc3pc3dvi9dzdlrd0i4q93qwf-binutils-2.39/bin:/nix/store/gpxl5qgg8kicmcvivwmybwjlpf7wh20l-graalvm17-ce-22.3.0/bin:/nix/store/6z9ag3ihc8mq2hzsw48lhbznvzny65nz-apache-maven-3.8.6/bin:/nix/store/m6gcpi1ii6rghy04cjwjddcavv7i90df-jdt-language-server-1.9.0/bin:/nix/store/84xs5alhs01zrbr4ywm05kxbjbp5590l-java-debug/bin:/nix/store/mydc6f4k2z73xlcz7ilif3v2lcaiqvza-findutils-4.9.0/bin:/nix/store/j9p3g8472iijd50vhdprx0nmk2fqn5gv-diffutils-3.8/bin:/nix/store/89zs7rms6x00xfq4dq6m7mjnhkr8a6r4-gnused-4.8/bin:/nix/store/86bp03jkmsl6f92w0yzg4s59g5mhxwmy-gnugrep-3.7/bin:/nix/store/hwcdqw4jrjnd37wxqgsd47hd0j8bnj09-gawk-5.1.1/bin:/nix/store/cfbhw8r8ags41vwqaz47r583d0p4h4a1-gnutar-1.34/bin:/nix/store/p3m1ndl1lapwrlh698bnb5lvvxh67378-gzip-1.12/bin:/nix/store/a8mhcagrsly7c7mpjrpsnaahk4aax056-bzip2-1.0.8-bin/bin:/nix/store/mblgz65m3zv9x548a3d5m96fj2pbwr09-gnumake-4.3/bin:/nix/store/dsd5gz46hdbdk2rfdimqddhq6m8m8fqs-bash-5.1-p16/bin:/nix/store/v7ljksji50mg3w61dykaa3n3y79n6nil-patch-2.7.6/bin:/nix/store/zlcnmqq14jz5x9439jf937mvayyl63da-xz-5.2.7-bin/bin:/nix/store/y6aj732zm9m87c82fpvf103a1xb22blp-file-5.43/bin:/nix/store/i4kzir3m7mrisxmf5xvlnkw01x4qaqr4-prybar-elisp-0.0.0-e0d9a52/bin:/nix/store/lwwivxf6h7x3cvxp9zv8sj0mv7dak99r-prybar-lua-0.0.0-e0d9a52/bin:/nix/store/gxj28g1cg4hq3qanmjv07156h800qr58-prybar-python3-0.0.0-e0d9a52/bin:/nix/store/hshkjnxrgidigf8x75vg6lqng2xlx9i3-prybar-sqlite-0.0.0-e0d9a52/bin:/nix/store/c4w01bpjgyy5ixmwdk8m1pw87zq4sl26-prybar-tcl-0.0.0-e0d9a52/bin:/nix/store/hpbvrlwd5viqmvcaisb3x0118i913a9n-st
LD_LIBRARY_PATH=/nix/store/a4pff549sk2idnkpzk5nsfps3mdkdnvm-cups-2.4.2-lib/lib:/nix/store/72mqxxhh3cy5yifh92wh2yb8cl2hikyy-cairo-1.16.0/lib:/nix/store/2k366jrbsra97gjfxwvrhvixjfxdach5-glib-2.74.1/lib:/nix/store/2j2znigd8ak37rlwh9khz0ry3clqlw1l-gtk+3-3.24.34/lib:/nix/store/hisqvx32cd57apbpcsnkpx6k3549wql1-libglvnd-1.4.0/lib:/nix/store/p36pgcv991mq5srvg765b78yqpxvk3qs-mesa-21.3.3-drivers/lib:/nix/store/mav4251if1ahjq5vkpwycyyvnmy459c4-pulseaudio-14.2/lib
DISPLAY=:0
LANG=en_US.UTF-8

Signal Handlers:
   SIGSEGV: crash_handler in libjvm.so, mask=11100100010111111101111111111110, flags=SA_RESTART|SA_SIGINFO
    SIGBUS: crash_handler in libjvm.so, mask=11100100010111111101111111111110, flags=SA_RESTART|SA_SIGINFO
    SIGFPE: crash_handler in libjvm.so, mask=11100100010111111101111111111110, flags=SA_RESTART|SA_SIGINFO
   SIGPIPE: IsolateEnterStub_IgnoreSIGPIPEStartupHook_noopSignalHandler_8f19bff2f35b5f630d83b364d6b2339320d4ec70_216e8361c6bc87a8f89f58cc10d3b2fd4415bf87 in libjvmcicompiler.so, mask=00000000000000000000000000000000, flags=SA_RESTART
  *** Handler was modified!
  *** Expected: javaSignalHandler in libjvm.so, mask=11100100110111111111111111111110, flags=SA_RESTART|SA_SIGINFO
   SIGXFSZ: javaSignalHandler in libjvm.so, mask=11100100010111111101111111111110, flags=SA_RESTART|SA_SIGINFO
    SIGILL: crash_handler in libjvm.so, mask=11100100010111111101111111111110, flags=SA_RESTART|SA_SIGINFO
   SIGUSR2: SR_handler in libjvm.so, mask=00000000000000000000000000000000, flags=SA_RESTART|SA_SIGINFO
    SIGHUP: UserHandler in libjvm.so, mask=11100100010111111101111111111110, flags=SA_RESTART|SA_SIGINFO
    SIGINT: UserHandler in libjvm.so, mask=11100100010111111101111111111110, flags=SA_RESTART|SA_SIGINFO
   SIGTERM: UserHandler in libjvm.so, mask=11100100010111111101111111111110, flags=SA_RESTART|SA_SIGINFO
   SIGQUIT: UserHandler in libjvm.so, mask=11100100010111111101111111111110, flags=SA_RESTART|SA_SIGINFO
  *** Handler was modified!
  *** Expected: javaSignalHandler in libjvm.so, mask=11100100110111111111111111111110, flags=SA_RESTART|SA_SIGINFO
   SIGTRAP: crash_handler in libjvm.so, mask=11100100010111111101111111111110, flags=SA_RESTART|SA_SIGINFO


---------------  S Y S T E M  ---------------

OS:
DISTRIB_ID=Ubuntu
DISTRIB_RELEASE=20.04
DISTRIB_CODENAME=focal
DISTRIB_DESCRIPTION="Ubuntu 20.04.2 LTS"
uname: Linux 5.19.0-1030-gcp #32~22.04.1-Ubuntu SMP Thu Jul 13 09:36:23 UTC 2023 x86_64
OS uptime: 0 days 13:12 hours
libc: glibc 2.35 NPTL 2.35 
rlimit (soft/hard): STACK 8192k/infinity , CORE infinity/infinity , NPROC infinity/infinity , NOFILE 5242/5242 , AS infinity/infinity , CPU infinity/infinity , DATA infinity/infinity , FSIZE infinity/infinity , MEMLOCK 8192k/8192k
load average: 14.33 16.46 16.06

/proc/meminfo:
MemTotal:       65839956 kB
MemFree:        40430236 kB
MemAvailable:   53130184 kB
Buffers:         1099832 kB
Cached:         11116156 kB
SwapCached:            0 kB
Active:          7324072 kB
Inactive:       16066876 kB
Active(anon):      15048 kB
Inactive(anon): 10980804 kB
Active(file):    7309024 kB
Inactive(file):  5086072 kB
Unevictable:       28328 kB
Mlocked:           28328 kB
SwapTotal:             0 kB
SwapFree:              0 kB
Zswap:                 0 kB
Zswapped:              0 kB
Dirty:              4948 kB
Writeback:          1068 kB
AnonPages:      10343424 kB
Mapped:          1063472 kB
Shmem:              9512 kB
KReclaimable:    1031340 kB
Slab:            1467840 kB
SReclaimable:    1031340 kB
SUnreclaim:       436500 kB
KernelStack:       94260 kB
PageTables:       143628 kB
NFS_Unstable:          0 kB
Bounce:                0 kB
WritebackTmp:          0 kB
CommitLimit:    32919976 kB
Committed_AS:   38385552 kB
VmallocTotal:   34359738367 kB
VmallocUsed:      119420 kB
VmallocChunk:          0 kB
Percpu:            24864 kB
HardwareCorrupted:     0 kB
AnonHugePages:    499712 kB
ShmemHugePages:        0 kB
ShmemPmdMapped:        0 kB
FileHugePages:         0 kB
FilePmdMapped:         0 kB
HugePages_Total:       0
HugePages_Free:        0
HugePages_Rsvd:        0
HugePages_Surp:        0
Hugepagesize:       2048 kB
Hugetlb:               0 kB
DirectMap4k:     7533368 kB
DirectMap2M:    58523648 kB
DirectMap1G:     3145728 kB

/sys/kernel/mm/transparent_hugepage/enabled: always [madvise] never
/sys/kernel/mm/transparent_hugepage/defrag (defrag/compaction efforts parameter): always defer defer+madvise [madvise] never

Process Memory:
Virtual Size: 5467500K (peak: 5548860K)
Resident Set Size: 750044K (peak: 784396K) (anon: 555840K, file: 194204K, shmem: 0K)
Swapped out: 0K
C-Heap outstanding allocations: 44915K, retained: 15712K
glibc malloc tunables: (default)

/proc/sys/kernel/threads-max (system-wide limit on the number of threads): 514310
/proc/sys/vm/max_map_count (maximum number of memory map areas a process may have): 65530
/proc/sys/kernel/pid_max (system-wide limit on number of process identifiers): 4194304

container (cgroup) information:
container_type: cgroupv1
cpu_cpuset_cpus: 2-7
cpu_memory_nodes: 0
active_processor_count: 1
cpu_quota: 50000
cpu_period: 100000
cpu_shares: 512
memory_limit_in_bytes: 1048576 k
memory_and_swap_limit_in_bytes: 1048576 k
memory_soft_limit_in_bytes: 524288 k
memory_usage_in_bytes: 617008 k
memory_max_usage_in_bytes: 819244 k
maximum number of tasks: 1000
current number of tasks: 53

KVM virtualization detected
Steal ticks since vm start: 1240
Steal ticks percentage since vm start:  0.003

CPU: total 8 (initial active 1) (4 cores per cpu, 2 threads per core) family 6 model 79 stepping 0 microcode 0xffffffff, cx8, cmov, fxsr, ht, mmx, 3dnowpref, sse, sse2, sse3, ssse3, sse4.1, sse4.2, popcnt, lzcnt, tsc, tscinvbit, avx, avx2, aes, erms, clmul, bmi1, bmi2, rtm, adx, fma, vzeroupper, clflush, hv
CPU Model and flags from /proc/cpuinfo:
model name	: Intel(R) Xeon(R) CPU @ 2.20GHz
flags		: fpu vme de pse tsc msr pae mce cx8 apic sep mtrr pge mca cmov pat pse36 clflush mmx fxsr sse sse2 ss ht syscall nx pdpe1gb rdtscp lm constant_tsc rep_good nopl xtopology nonstop_tsc cpuid tsc_known_freq pni pclmulqdq ssse3 fma cx16 pcid sse4_1 sse4_2 x2apic movbe popcnt aes xsave avx f16c rdrand hypervisor lahf_lm abm 3dnowprefetch invpcid_single pti ssbd ibrs ibpb stibp fsgsbase tsc_adjust bmi1 hle avx2 smep bmi2 erms invpcid rtm rdseed adx smap xsaveopt arat md_clear arch_capabilities

Online cpus: 0-7
Offline cpus: 
BIOS frequency limitation: <Not Available>
Frequency switch latency (ns): <Not Available>
Available cpu frequencies: <Not Available>
Current governor: <Not Available>
Core performance/turbo boost: <Not Available>

Memory: 4k page, physical 1048576k(431552k free), swap 0k(0k free)
Page Sizes: 4k

vm_info: OpenJDK 64-Bit Server VM (17.0.5+8-jvmci-22.3-b08) for linux-amd64 JRE (17.0.5+8-jvmci-22.3-b08), built on Oct 19 2022 09:01:27 by "buildslave" with gcc 10.3.0

END.
